#
# There is insufficient memory for the Java Runtime Environment to continue.
# Native memory allocation (malloc) failed to allocate 1496656 bytes for Chunk::new
# Possible reasons:
#   The system is out of physical RAM or swap space
#   The process is running with CompressedOops enabled, and the Java Heap may be blocking the growth of the native heap
# Possible solutions:
#   Reduce memory load on the system
#   Increase physical memory or swap space
#   Check if swap backing store is full
#   Decrease Java heap size (-Xmx/-Xms)
#   Decrease number of Java threads
#   Decrease Java thread stack sizes (-Xss)
#   Set larger code cache with -XX:ReservedCodeCacheSize=
#   JVM is running with Unscaled Compressed Oops mode in which the Java heap is
#     placed in the first 4GB address space. The Java Heap base address is the
#     maximum limit for the native heap growth. Please use -XX:HeapBaseMinAddress
#     to set the Java Heap base and to place the Java Heap above 4GB virtual address.
# This output file may be truncated or incomplete.
#
#  Out of Memory Error (arena.cpp:191), pid=11324, tid=30244
#
# JRE version: OpenJDK Runtime Environment (17.0.9) (build 17.0.9+0--11185874)
# Java VM: OpenJDK 64-Bit Server VM (17.0.9+0--11185874, mixed mode, tiered, compressed oops, compressed class ptrs, g1 gc, windows-amd64)
# No core dump will be written. Minidumps are not enabled by default on client versions of Windows
#

---------------  S U M M A R Y ------------

Command Line: --add-opens=java.base/java.util=ALL-UNNAMED --add-opens=java.base/java.lang=ALL-UNNAMED --add-opens=java.base/java.lang.invoke=ALL-UNNAMED --add-opens=java.prefs/java.util.prefs=ALL-UNNAMED --add-opens=java.base/java.nio.charset=ALL-UNNAMED --add-opens=java.base/java.net=ALL-UNNAMED --add-opens=java.base/java.util.concurrent.atomic=ALL-UNNAMED -Xmx2048m -Dfile.encoding=UTF-8 -Duser.country=ID -Duser.language=en -Duser.variant org.gradle.launcher.daemon.bootstrap.GradleDaemon 8.0

Host: Intel(R) Core(TM) i3-1005G1 CPU @ 1.20GHz, 4 cores, 3G,  Windows 11 , 64 bit Build 22621 (10.0.22621.3672)
Time: Wed Jul 17 07:56:35 2024 SE Asia Standard Time elapsed time: 18.355481 seconds (0d 0h 0m 18s)

---------------  T H R E A D  ---------------

Current thread (0x0000017e64b06df0):  JavaThread "C2 CompilerThread0" daemon [_thread_in_native, id=30244, stack(0x00000014e6f00000,0x00000014e7000000)]


Current CompileTask:
C2:  18355 6653       4       org.objectweb.asm.SymbolTable::addConstantMemberReference (147 bytes)

Stack: [0x00000014e6f00000,0x00000014e7000000]
Native frames: (J=compiled Java code, j=interpreted, Vv=VM code, C=native code)
V  [jvm.dll+0x6886e9]
V  [jvm.dll+0x841e4a]
V  [jvm.dll+0x843a8e]
V  [jvm.dll+0x8440f3]
V  [jvm.dll+0x24c14f]
V  [jvm.dll+0xac44c]
V  [jvm.dll+0xaca9c]
V  [jvm.dll+0x2b376f]
V  [jvm.dll+0x590767]
V  [jvm.dll+0x226762]
V  [jvm.dll+0x226b4f]
V  [jvm.dll+0x21fc76]
V  [jvm.dll+0x21d0c1]
V  [jvm.dll+0x1a674d]
V  [jvm.dll+0x22d088]
V  [jvm.dll+0x22b1c0]
V  [jvm.dll+0x7f62f7]
V  [jvm.dll+0x7f06aa]
V  [jvm.dll+0x687565]
C  [ucrtbase.dll+0x29333]
C  [KERNEL32.DLL+0x1257d]
C  [ntdll.dll+0x5af28]


---------------  P R O C E S S  ---------------

Threads class SMR info:
_java_thread_list=0x0000017e6c9a4a00, length=80, elements={
0x0000017e4933d0a0, 0x0000017e6488a250, 0x0000017e6488ae10, 0x0000017e64875fd0,
0x0000017e64876b90, 0x0000017e648a4fc0, 0x0000017e648a5980, 0x0000017e64b06df0,
0x0000017e64b0f7c0, 0x0000017e64b28970, 0x0000017e64c94350, 0x0000017e64ca6010,
0x0000017e6ab15460, 0x0000017e6a746360, 0x0000017e69f92d50, 0x0000017e6a22a2b0,
0x0000017e6a7b0030, 0x0000017e6a0360b0, 0x0000017e6a8067a0, 0x0000017e69435c50,
0x0000017e69436670, 0x0000017e69434d20, 0x0000017e69435230, 0x0000017e694333d0,
0x0000017e69434810, 0x0000017e69435740, 0x0000017e69436160, 0x0000017e694338e0,
0x0000017e69433df0, 0x0000017e69434300, 0x0000017e69987160, 0x0000017e69983ec0,
0x0000017e699843d0, 0x0000017e699848e0, 0x0000017e69982060, 0x0000017e69986c50,
0x0000017e69985810, 0x0000017e69987670, 0x0000017e69984df0, 0x0000017e69985d20,
0x0000017e69988ab0, 0x0000017e699834a0, 0x0000017e69986230, 0x0000017e69987b80,
0x0000017e69988090, 0x0000017e69988fc0, 0x0000017e699894d0, 0x0000017e699899e0,
0x0000017e69982570, 0x0000017e69982a80, 0x0000017e699839b0, 0x0000017e699133a0,
0x0000017e69911030, 0x0000017e699138b0, 0x0000017e6990f6e0, 0x0000017e6990d370,
0x0000017e69911540, 0x0000017e69913dc0, 0x0000017e6990fbf0, 0x0000017e6990d880,
0x0000017e69910100, 0x0000017e69912980, 0x0000017e69912470, 0x0000017e699147e0,
0x0000017e699142d0, 0x0000017e69914cf0, 0x0000017e6990e7b0, 0x0000017e6990dd90,
0x0000017e6990e2a0, 0x0000017e69910610, 0x0000017e6990ecc0, 0x0000017e69911a50,
0x0000017e6990f1d0, 0x0000017e69910b20, 0x0000017e69912e90, 0x0000017e69911f60,
0x0000017e6bcdfb80, 0x0000017e6bcdf160, 0x0000017e6bcdbec0, 0x0000017e6bcdd300
}

Java Threads: ( => current thread )
  0x0000017e4933d0a0 JavaThread "main" [_thread_blocked, id=20664, stack(0x00000014e6200000,0x00000014e6300000)]
  0x0000017e6488a250 JavaThread "Reference Handler" daemon [_thread_blocked, id=31108, stack(0x00000014e6900000,0x00000014e6a00000)]
  0x0000017e6488ae10 JavaThread "Finalizer" daemon [_thread_blocked, id=22116, stack(0x00000014e6a00000,0x00000014e6b00000)]
  0x0000017e64875fd0 JavaThread "Signal Dispatcher" daemon [_thread_blocked, id=8040, stack(0x00000014e6b00000,0x00000014e6c00000)]
  0x0000017e64876b90 JavaThread "Attach Listener" daemon [_thread_blocked, id=32360, stack(0x00000014e6c00000,0x00000014e6d00000)]
  0x0000017e648a4fc0 JavaThread "Service Thread" daemon [_thread_blocked, id=6748, stack(0x00000014e6d00000,0x00000014e6e00000)]
  0x0000017e648a5980 JavaThread "Monitor Deflation Thread" daemon [_thread_blocked, id=31424, stack(0x00000014e6e00000,0x00000014e6f00000)]
=>0x0000017e64b06df0 JavaThread "C2 CompilerThread0" daemon [_thread_in_native, id=30244, stack(0x00000014e6f00000,0x00000014e7000000)]
  0x0000017e64b0f7c0 JavaThread "C1 CompilerThread0" daemon [_thread_blocked, id=19284, stack(0x00000014e7000000,0x00000014e7100000)]
  0x0000017e64b28970 JavaThread "Sweeper thread" daemon [_thread_blocked, id=30744, stack(0x00000014e7100000,0x00000014e7200000)]
  0x0000017e64c94350 JavaThread "Common-Cleaner" daemon [_thread_blocked, id=30620, stack(0x00000014e7200000,0x00000014e7300000)]
  0x0000017e64ca6010 JavaThread "Notification Thread" daemon [_thread_blocked, id=24220, stack(0x00000014e7300000,0x00000014e7400000)]
  0x0000017e6ab15460 JavaThread "Daemon health stats" [_thread_blocked, id=13456, stack(0x00000014e7800000,0x00000014e7900000)]
  0x0000017e6a746360 JavaThread "Incoming local TCP Connector on port 62863" [_thread_in_native, id=21484, stack(0x00000014e7900000,0x00000014e7a00000)]
  0x0000017e69f92d50 JavaThread "Daemon periodic checks" [_thread_blocked, id=28780, stack(0x00000014e7a00000,0x00000014e7b00000)]
  0x0000017e6a22a2b0 JavaThread "Daemon" [_thread_blocked, id=32188, stack(0x00000014e7b00000,0x00000014e7c00000)]
  0x0000017e6a7b0030 JavaThread "Handler for socket connection from /127.0.0.1:62863 to /127.0.0.1:62864" [_thread_in_native, id=26888, stack(0x00000014e7c00000,0x00000014e7d00000)]
  0x0000017e6a0360b0 JavaThread "Cancel handler" [_thread_blocked, id=16964, stack(0x00000014e7d00000,0x00000014e7e00000)]
  0x0000017e6a8067a0 JavaThread "Daemon worker" [_thread_in_vm, id=14580, stack(0x00000014e7e00000,0x00000014e7f00000)]
  0x0000017e69435c50 JavaThread "Asynchronous log dispatcher for DefaultDaemonConnection: socket connection from /127.0.0.1:62863 to /127.0.0.1:62864" [_thread_blocked, id=17484, stack(0x00000014e7f00000,0x00000014e8000000)]
  0x0000017e69436670 JavaThread "Stdin handler" [_thread_blocked, id=16288, stack(0x00000014e8000000,0x00000014e8100000)]
  0x0000017e69434d20 JavaThread "Daemon client event forwarder" [_thread_blocked, id=32644, stack(0x00000014e8100000,0x00000014e8200000)]
  0x0000017e69435230 JavaThread "Cache worker for journal cache (C:\Users\oksip\.gradle\caches\journal-1)" [_thread_blocked, id=30048, stack(0x00000014e8200000,0x00000014e8300000)]
  0x0000017e694333d0 JavaThread "File lock request listener" [_thread_in_native, id=24284, stack(0x00000014e8300000,0x00000014e8400000)]
  0x0000017e69434810 JavaThread "Cache worker for file hash cache (C:\Users\oksip\.gradle\caches\8.0\fileHashes)" [_thread_blocked, id=28372, stack(0x00000014e8400000,0x00000014e8500000)]
  0x0000017e69435740 JavaThread "File watcher server" daemon [_thread_in_native, id=31528, stack(0x00000014e8500000,0x00000014e8600000)]
  0x0000017e69436160 JavaThread "File watcher consumer" daemon [_thread_blocked, id=30920, stack(0x00000014e8600000,0x00000014e8700000)]
  0x0000017e694338e0 JavaThread "Cache worker for checksums cache (D:\EGenda\.gradle\8.0\checksums)" [_thread_blocked, id=31224, stack(0x00000014e8700000,0x00000014e8800000)]
  0x0000017e69433df0 JavaThread "Cache worker for cache directory md-rule (C:\Users\oksip\.gradle\caches\8.0\md-rule)" [_thread_blocked, id=29280, stack(0x00000014e8800000,0x00000014e8900000)]
  0x0000017e69434300 JavaThread "Cache worker for file content cache (C:\Users\oksip\.gradle\caches\8.0\fileContent)" [_thread_blocked, id=12144, stack(0x00000014e8900000,0x00000014e8a00000)]
  0x0000017e69987160 JavaThread "Cache worker for file hash cache (D:\EGenda\.gradle\8.0\fileHashes)" [_thread_blocked, id=27248, stack(0x00000014e8a00000,0x00000014e8b00000)]
  0x0000017e69983ec0 JavaThread "Cache worker for cache directory md-supplier (C:\Users\oksip\.gradle\caches\8.0\md-supplier)" [_thread_blocked, id=10884, stack(0x00000014e8b00000,0x00000014e8c00000)]
  0x0000017e699843d0 JavaThread "Cache worker for execution history cache (C:\Users\oksip\.gradle\caches\8.0\executionHistory)" [_thread_blocked, id=15484, stack(0x00000014e8c00000,0x00000014e8d00000)]
  0x0000017e699848e0 JavaThread "jar transforms" [_thread_blocked, id=24196, stack(0x00000014e8d00000,0x00000014e8e00000)]
  0x0000017e69982060 JavaThread "jar transforms Thread 2" [_thread_blocked, id=15012, stack(0x00000014e8e00000,0x00000014e8f00000)]
  0x0000017e69986c50 JavaThread "Cache worker for dependencies-accessors (D:\EGenda\.gradle\8.0\dependencies-accessors)" [_thread_blocked, id=12180, stack(0x00000014e8f00000,0x00000014e9000000)]
  0x0000017e69985810 JavaThread "jar transforms Thread 3" [_thread_blocked, id=24356, stack(0x00000014e9000000,0x00000014e9100000)]
  0x0000017e69987670 JavaThread "Cache worker for Build Output Cleanup Cache (D:\EGenda\.gradle\buildOutputCleanup)" [_thread_blocked, id=5652, stack(0x00000014e9100000,0x00000014e9200000)]
  0x0000017e69984df0 JavaThread "Unconstrained build operations" [_thread_blocked, id=30080, stack(0x00000014e9300000,0x00000014e9400000)]
  0x0000017e69985d20 JavaThread "Unconstrained build operations Thread 2" [_thread_blocked, id=11224, stack(0x00000014e9400000,0x00000014e9500000)]
  0x0000017e69988ab0 JavaThread "Unconstrained build operations Thread 3" [_thread_blocked, id=32512, stack(0x00000014e9500000,0x00000014e9600000)]
  0x0000017e699834a0 JavaThread "Unconstrained build operations Thread 4" [_thread_blocked, id=1400, stack(0x00000014e9600000,0x00000014e9700000)]
  0x0000017e69986230 JavaThread "Unconstrained build operations Thread 5" [_thread_blocked, id=31824, stack(0x00000014e9700000,0x00000014e9800000)]
  0x0000017e69987b80 JavaThread "Unconstrained build operations Thread 6" [_thread_blocked, id=31368, stack(0x00000014e9800000,0x00000014e9900000)]
  0x0000017e69988090 JavaThread "Unconstrained build operations Thread 7" [_thread_blocked, id=17260, stack(0x00000014e9900000,0x00000014e9a00000)]
  0x0000017e69988fc0 JavaThread "Unconstrained build operations Thread 8" [_thread_blocked, id=6152, stack(0x00000014e9a00000,0x00000014e9b00000)]
  0x0000017e699894d0 JavaThread "Unconstrained build operations Thread 9" [_thread_blocked, id=13468, stack(0x00000014e9b00000,0x00000014e9c00000)]
  0x0000017e699899e0 JavaThread "Unconstrained build operations Thread 10" [_thread_blocked, id=30952, stack(0x00000014e9c00000,0x00000014e9d00000)]
  0x0000017e69982570 JavaThread "Unconstrained build operations Thread 11" [_thread_blocked, id=5056, stack(0x00000014e9d00000,0x00000014e9e00000)]
  0x0000017e69982a80 JavaThread "Unconstrained build operations Thread 12" [_thread_blocked, id=30180, stack(0x00000014e9e00000,0x00000014e9f00000)]
  0x0000017e699839b0 JavaThread "Unconstrained build operations Thread 13" [_thread_blocked, id=30228, stack(0x00000014e9f00000,0x00000014ea000000)]
  0x0000017e699133a0 JavaThread "Unconstrained build operations Thread 14" [_thread_blocked, id=27584, stack(0x00000014ea000000,0x00000014ea100000)]
  0x0000017e69911030 JavaThread "Unconstrained build operations Thread 15" [_thread_blocked, id=21180, stack(0x00000014ea100000,0x00000014ea200000)]
  0x0000017e699138b0 JavaThread "Unconstrained build operations Thread 16" [_thread_blocked, id=32564, stack(0x00000014ea200000,0x00000014ea300000)]
  0x0000017e6990f6e0 JavaThread "Unconstrained build operations Thread 17" [_thread_blocked, id=32180, stack(0x00000014ea300000,0x00000014ea400000)]
  0x0000017e6990d370 JavaThread "Unconstrained build operations Thread 18" [_thread_blocked, id=32068, stack(0x00000014ea400000,0x00000014ea500000)]
  0x0000017e69911540 JavaThread "Unconstrained build operations Thread 19" [_thread_blocked, id=13204, stack(0x00000014ea500000,0x00000014ea600000)]
  0x0000017e69913dc0 JavaThread "Unconstrained build operations Thread 20" [_thread_blocked, id=25024, stack(0x00000014ea600000,0x00000014ea700000)]
  0x0000017e6990fbf0 JavaThread "Unconstrained build operations Thread 21" [_thread_blocked, id=20404, stack(0x00000014ea700000,0x00000014ea800000)]
  0x0000017e6990d880 JavaThread "Unconstrained build operations Thread 22" [_thread_blocked, id=4528, stack(0x00000014ea800000,0x00000014ea900000)]
  0x0000017e69910100 JavaThread "Unconstrained build operations Thread 23" [_thread_blocked, id=20508, stack(0x00000014ea900000,0x00000014eaa00000)]
  0x0000017e69912980 JavaThread "Unconstrained build operations Thread 24" [_thread_blocked, id=29240, stack(0x00000014eaa00000,0x00000014eab00000)]
  0x0000017e69912470 JavaThread "Unconstrained build operations Thread 25" [_thread_blocked, id=30956, stack(0x00000014eab00000,0x00000014eac00000)]
  0x0000017e699147e0 JavaThread "Unconstrained build operations Thread 26" [_thread_blocked, id=31200, stack(0x00000014eac00000,0x00000014ead00000)]
  0x0000017e699142d0 JavaThread "Unconstrained build operations Thread 27" [_thread_blocked, id=27072, stack(0x00000014ead00000,0x00000014eae00000)]
  0x0000017e69914cf0 JavaThread "Unconstrained build operations Thread 28" [_thread_blocked, id=5600, stack(0x00000014eae00000,0x00000014eaf00000)]
  0x0000017e6990e7b0 JavaThread "Unconstrained build operations Thread 29" [_thread_blocked, id=32224, stack(0x00000014eaf00000,0x00000014eb000000)]
  0x0000017e6990dd90 JavaThread "Unconstrained build operations Thread 30" [_thread_blocked, id=31616, stack(0x00000014eb000000,0x00000014eb100000)]
  0x0000017e6990e2a0 JavaThread "Unconstrained build operations Thread 31" [_thread_blocked, id=32604, stack(0x00000014eb100000,0x00000014eb200000)]
  0x0000017e69910610 JavaThread "Unconstrained build operations Thread 32" [_thread_blocked, id=24644, stack(0x00000014eb200000,0x00000014eb300000)]
  0x0000017e6990ecc0 JavaThread "Unconstrained build operations Thread 33" [_thread_blocked, id=23496, stack(0x00000014eb300000,0x00000014eb400000)]
  0x0000017e69911a50 JavaThread "Unconstrained build operations Thread 34" [_thread_blocked, id=29312, stack(0x00000014eb400000,0x00000014eb500000)]
  0x0000017e6990f1d0 JavaThread "Unconstrained build operations Thread 35" [_thread_blocked, id=20384, stack(0x00000014eb500000,0x00000014eb600000)]
  0x0000017e69910b20 JavaThread "Unconstrained build operations Thread 36" [_thread_blocked, id=10724, stack(0x00000014eb600000,0x00000014eb700000)]
  0x0000017e69912e90 JavaThread "Unconstrained build operations Thread 37" [_thread_blocked, id=31160, stack(0x00000014eb700000,0x00000014eb800000)]
  0x0000017e69911f60 JavaThread "Unconstrained build operations Thread 38" [_thread_blocked, id=4776, stack(0x00000014eb800000,0x00000014eb900000)]
  0x0000017e6bcdfb80 JavaThread "Unconstrained build operations Thread 39" [_thread_blocked, id=20256, stack(0x00000014eb900000,0x00000014eba00000)]
  0x0000017e6bcdf160 JavaThread "Unconstrained build operations Thread 40" [_thread_blocked, id=31784, stack(0x00000014eba00000,0x00000014ebb00000)]
  0x0000017e6bcdbec0 JavaThread "jar transforms Thread 4" [_thread_blocked, id=30140, stack(0x00000014ebb00000,0x00000014ebc00000)]
  0x0000017e6bcdd300 JavaThread "build event listener" [_thread_blocked, id=13992, stack(0x00000014ebc00000,0x00000014ebd00000)]

Other Threads:
  0x0000017e6480fec0 VMThread "VM Thread" [stack: 0x00000014e6800000,0x00000014e6900000] [id=31904]
  0x0000017e64c90020 WatcherThread [stack: 0x00000014e7400000,0x00000014e7500000] [id=4648]
  0x0000017e49397760 GCTaskThread "GC Thread#0" [stack: 0x00000014e6300000,0x00000014e6400000] [id=32764]
  0x0000017e64d51310 GCTaskThread "GC Thread#1" [stack: 0x00000014e7500000,0x00000014e7600000] [id=8940]
  0x0000017e69708cf0 GCTaskThread "GC Thread#2" [stack: 0x00000014e7600000,0x00000014e7700000] [id=18712]
  0x0000017e6983d240 GCTaskThread "GC Thread#3" [stack: 0x00000014e7700000,0x00000014e7800000] [id=8996]
  0x0000017e493a86b0 ConcurrentGCThread "G1 Main Marker" [stack: 0x00000014e6400000,0x00000014e6500000] [id=31244]
  0x0000017e493a9870 ConcurrentGCThread "G1 Conc#0" [stack: 0x00000014e6500000,0x00000014e6600000] [id=22064]
  0x0000017e493e8240 ConcurrentGCThread "G1 Refine#0" [stack: 0x00000014e6600000,0x00000014e6700000] [id=8380]
  0x0000017e493e8c70 ConcurrentGCThread "G1 Service" [stack: 0x00000014e6700000,0x00000014e6800000] [id=8368]

Threads with active compile tasks:
C2 CompilerThread0    18646 6653       4       org.objectweb.asm.SymbolTable::addConstantMemberReference (147 bytes)

VM state: not at safepoint (normal execution)

VM Mutex/Monitor currently owned by a thread: None

Heap address: 0x0000000080000000, size: 2048 MB, Compressed Oops mode: 32-bit

CDS archive(s) not mapped
Compressed class space mapped at: 0x0000000100000000-0x0000000140000000, reserved size: 1073741824
Narrow klass base: 0x0000000000000000, Narrow klass shift: 3, Narrow klass range: 0x140000000

GC Precious Log:
 CPUs: 4 total, 4 available
 Memory: 3891M
 Large Page Support: Disabled
 NUMA Support: Disabled
 Compressed Oops: Enabled (32-bit)
 Heap Region Size: 1M
 Heap Min Capacity: 8M
 Heap Initial Capacity: 62M
 Heap Max Capacity: 2G
 Pre-touch: Disabled
 Parallel Workers: 4
 Concurrent Workers: 1
 Concurrent Refinement Workers: 4
 Periodic GC: Disabled

Heap:
 garbage-first heap   total 101376K, used 74304K [0x0000000080000000, 0x0000000100000000)
  region size 1024K, 19 young (19456K), 1 survivors (1024K)
 Metaspace       used 65713K, committed 66112K, reserved 1114112K
  class space    used 8569K, committed 8768K, reserved 1048576K

Heap Regions: E=young(eden), S=young(survivor), O=old, HS=humongous(starts), HC=humongous(continues), CS=collection set, F=free, OA=open archive, CA=closed archive, TAMS=top-at-mark-start (previous, next)
|   0|0x0000000080000000, 0x0000000080100000, 0x0000000080100000|100%| O|  |TAMS 0x0000000080100000, 0x0000000080000000| Untracked 
|   1|0x0000000080100000, 0x0000000080200000, 0x0000000080200000|100%| O|  |TAMS 0x0000000080200000, 0x0000000080100000| Untracked 
|   2|0x0000000080200000, 0x0000000080300000, 0x0000000080300000|100%|HS|  |TAMS 0x0000000080300000, 0x0000000080200000| Complete 
|   3|0x0000000080300000, 0x0000000080400000, 0x0000000080400000|100%|HC|  |TAMS 0x0000000080400000, 0x0000000080300000| Complete 
|   4|0x0000000080400000, 0x0000000080500000, 0x0000000080500000|100%|HC|  |TAMS 0x0000000080500000, 0x0000000080400000| Complete 
|   5|0x0000000080500000, 0x0000000080600000, 0x0000000080600000|100%|HC|  |TAMS 0x0000000080600000, 0x0000000080500000| Complete 
|   6|0x0000000080600000, 0x0000000080700000, 0x0000000080700000|100%| O|  |TAMS 0x0000000080700000, 0x0000000080600000| Untracked 
|   7|0x0000000080700000, 0x0000000080800000, 0x0000000080800000|100%| O|  |TAMS 0x0000000080800000, 0x0000000080700000| Untracked 
|   8|0x0000000080800000, 0x0000000080900000, 0x0000000080900000|100%| O|  |TAMS 0x0000000080900000, 0x0000000080800000| Untracked 
|   9|0x0000000080900000, 0x0000000080a00000, 0x0000000080a00000|100%| O|  |TAMS 0x0000000080a00000, 0x0000000080900000| Untracked 
|  10|0x0000000080a00000, 0x0000000080b00000, 0x0000000080b00000|100%| O|  |TAMS 0x0000000080b00000, 0x0000000080a00000| Untracked 
|  11|0x0000000080b00000, 0x0000000080c00000, 0x0000000080c00000|100%| O|  |TAMS 0x0000000080c00000, 0x0000000080b00000| Untracked 
|  12|0x0000000080c00000, 0x0000000080d00000, 0x0000000080d00000|100%| O|  |TAMS 0x0000000080d00000, 0x0000000080c00000| Untracked 
|  13|0x0000000080d00000, 0x0000000080e00000, 0x0000000080e00000|100%| O|  |TAMS 0x0000000080e00000, 0x0000000080d00000| Untracked 
|  14|0x0000000080e00000, 0x0000000080f00000, 0x0000000080f00000|100%| O|  |TAMS 0x0000000080f00000, 0x0000000080e00000| Untracked 
|  15|0x0000000080f00000, 0x0000000081000000, 0x0000000081000000|100%| O|  |TAMS 0x0000000081000000, 0x0000000080f00000| Untracked 
|  16|0x0000000081000000, 0x0000000081100000, 0x0000000081100000|100%| O|  |TAMS 0x0000000081100000, 0x0000000081000000| Untracked 
|  17|0x0000000081100000, 0x0000000081200000, 0x0000000081200000|100%| O|  |TAMS 0x0000000081200000, 0x0000000081100000| Untracked 
|  18|0x0000000081200000, 0x0000000081300000, 0x0000000081300000|100%| O|  |TAMS 0x0000000081300000, 0x0000000081200000| Untracked 
|  19|0x0000000081300000, 0x0000000081400000, 0x0000000081400000|100%| O|  |TAMS 0x0000000081400000, 0x0000000081300000| Untracked 
|  20|0x0000000081400000, 0x0000000081500000, 0x0000000081500000|100%| O|  |TAMS 0x0000000081500000, 0x0000000081400000| Untracked 
|  21|0x0000000081500000, 0x0000000081600000, 0x0000000081600000|100%| O|  |TAMS 0x0000000081600000, 0x0000000081500000| Untracked 
|  22|0x0000000081600000, 0x0000000081700000, 0x0000000081700000|100%| O|  |TAMS 0x0000000081700000, 0x0000000081600000| Untracked 
|  23|0x0000000081700000, 0x0000000081800000, 0x0000000081800000|100%| O|  |TAMS 0x0000000081700000, 0x0000000081700000| Untracked 
|  24|0x0000000081800000, 0x0000000081900000, 0x0000000081900000|100%| O|  |TAMS 0x0000000081900000, 0x0000000081800000| Untracked 
|  25|0x0000000081900000, 0x0000000081a00000, 0x0000000081a00000|100%| O|  |TAMS 0x0000000081a00000, 0x0000000081900000| Untracked 
|  26|0x0000000081a00000, 0x0000000081b00000, 0x0000000081b00000|100%| O|  |TAMS 0x0000000081b00000, 0x0000000081a00000| Untracked 
|  27|0x0000000081b00000, 0x0000000081c00000, 0x0000000081c00000|100%| O|  |TAMS 0x0000000081c00000, 0x0000000081b00000| Untracked 
|  28|0x0000000081c00000, 0x0000000081d00000, 0x0000000081d00000|100%| O|  |TAMS 0x0000000081d00000, 0x0000000081c00000| Untracked 
|  29|0x0000000081d00000, 0x0000000081e00000, 0x0000000081e00000|100%| O|  |TAMS 0x0000000081e00000, 0x0000000081d00000| Untracked 
|  30|0x0000000081e00000, 0x0000000081f00000, 0x0000000081f00000|100%| O|  |TAMS 0x0000000081f00000, 0x0000000081e00000| Untracked 
|  31|0x0000000081f00000, 0x0000000082000000, 0x0000000082000000|100%| O|  |TAMS 0x0000000082000000, 0x0000000081f00000| Untracked 
|  32|0x0000000082000000, 0x0000000082100000, 0x0000000082100000|100%| O|  |TAMS 0x0000000082100000, 0x0000000082000000| Untracked 
|  33|0x0000000082100000, 0x0000000082200000, 0x0000000082200000|100%| O|  |TAMS 0x0000000082200000, 0x0000000082100000| Untracked 
|  34|0x0000000082200000, 0x0000000082300000, 0x0000000082300000|100%| O|  |TAMS 0x0000000082300000, 0x0000000082200000| Untracked 
|  35|0x0000000082300000, 0x0000000082400000, 0x0000000082400000|100%| O|  |TAMS 0x0000000082400000, 0x0000000082300000| Untracked 
|  36|0x0000000082400000, 0x0000000082500000, 0x0000000082500000|100%| O|  |TAMS 0x0000000082500000, 0x0000000082400000| Untracked 
|  37|0x0000000082500000, 0x0000000082600000, 0x0000000082600000|100%| O|  |TAMS 0x0000000082600000, 0x0000000082500000| Untracked 
|  38|0x0000000082600000, 0x0000000082700000, 0x0000000082700000|100%|HS|  |TAMS 0x0000000082700000, 0x0000000082600000| Complete 
|  39|0x0000000082700000, 0x0000000082800000, 0x0000000082800000|100%|HS|  |TAMS 0x0000000082800000, 0x0000000082700000| Complete 
|  40|0x0000000082800000, 0x0000000082900000, 0x0000000082900000|100%|HC|  |TAMS 0x0000000082900000, 0x0000000082800000| Complete 
|  41|0x0000000082900000, 0x0000000082a00000, 0x0000000082a00000|100%| O|  |TAMS 0x0000000082a00000, 0x0000000082900000| Untracked 
|  42|0x0000000082a00000, 0x0000000082b00000, 0x0000000082b00000|100%| O|  |TAMS 0x0000000082b00000, 0x0000000082a00000| Untracked 
|  43|0x0000000082b00000, 0x0000000082b00000, 0x0000000082c00000|  0%| F|  |TAMS 0x0000000082b00000, 0x0000000082b00000| Untracked 
|  44|0x0000000082c00000, 0x0000000082d00000, 0x0000000082d00000|100%|HS|  |TAMS 0x0000000082d00000, 0x0000000082c00000| Complete 
|  45|0x0000000082d00000, 0x0000000082e00000, 0x0000000082e00000|100%|HS|  |TAMS 0x0000000082e00000, 0x0000000082d00000| Complete 
|  46|0x0000000082e00000, 0x0000000082f00000, 0x0000000082f00000|100%|HC|  |TAMS 0x0000000082f00000, 0x0000000082e00000| Complete 
|  47|0x0000000082f00000, 0x0000000083000000, 0x0000000083000000|100%|HC|  |TAMS 0x0000000083000000, 0x0000000082f00000| Complete 
|  48|0x0000000083000000, 0x0000000083100000, 0x0000000083100000|100%|HC|  |TAMS 0x0000000083100000, 0x0000000083000000| Complete 
|  49|0x0000000083100000, 0x0000000083200000, 0x0000000083200000|100%| O|  |TAMS 0x0000000083200000, 0x0000000083100000| Untracked 
|  50|0x0000000083200000, 0x0000000083300000, 0x0000000083300000|100%| O|  |TAMS 0x0000000083300000, 0x0000000083200000| Untracked 
|  51|0x0000000083300000, 0x0000000083400000, 0x0000000083400000|100%| O|  |TAMS 0x0000000083400000, 0x0000000083300000| Untracked 
|  52|0x0000000083400000, 0x0000000083500000, 0x0000000083500000|100%| O|  |TAMS 0x0000000083500000, 0x0000000083400000| Untracked 
|  53|0x0000000083500000, 0x0000000083600000, 0x0000000083600000|100%| O|  |TAMS 0x0000000083600000, 0x0000000083500000| Untracked 
|  54|0x0000000083600000, 0x0000000083700000, 0x0000000083700000|100%| O|  |TAMS 0x0000000083700000, 0x0000000083600000| Untracked 
|  55|0x0000000083700000, 0x0000000083800000, 0x0000000083800000|100%| O|  |TAMS 0x00000000837fdc00, 0x0000000083700000| Untracked 
|  56|0x0000000083800000, 0x0000000083806400, 0x0000000083900000|  2%| O|  |TAMS 0x0000000083800000, 0x0000000083800000| Untracked 
|  57|0x0000000083900000, 0x0000000083900000, 0x0000000083a00000|  0%| F|  |TAMS 0x0000000083900000, 0x0000000083900000| Untracked 
|  58|0x0000000083a00000, 0x0000000083a00000, 0x0000000083b00000|  0%| F|  |TAMS 0x0000000083a00000, 0x0000000083a00000| Untracked 
|  59|0x0000000083b00000, 0x0000000083b00000, 0x0000000083c00000|  0%| F|  |TAMS 0x0000000083b00000, 0x0000000083b00000| Untracked 
|  60|0x0000000083c00000, 0x0000000083c00000, 0x0000000083d00000|  0%| F|  |TAMS 0x0000000083c00000, 0x0000000083c00000| Untracked 
|  61|0x0000000083d00000, 0x0000000083d00000, 0x0000000083e00000|  0%| F|  |TAMS 0x0000000083d00000, 0x0000000083d00000| Untracked 
|  62|0x0000000083e00000, 0x0000000083e00000, 0x0000000083f00000|  0%| F|  |TAMS 0x0000000083e00000, 0x0000000083e00000| Untracked 
|  63|0x0000000083f00000, 0x0000000083f00000, 0x0000000084000000|  0%| F|  |TAMS 0x0000000083f00000, 0x0000000083f00000| Untracked 
|  64|0x0000000084000000, 0x0000000084000000, 0x0000000084100000|  0%| F|  |TAMS 0x0000000084000000, 0x0000000084000000| Untracked 
|  65|0x0000000084100000, 0x0000000084100000, 0x0000000084200000|  0%| F|  |TAMS 0x0000000084100000, 0x0000000084100000| Untracked 
|  66|0x0000000084200000, 0x0000000084200000, 0x0000000084300000|  0%| F|  |TAMS 0x0000000084200000, 0x0000000084200000| Untracked 
|  67|0x0000000084300000, 0x0000000084300000, 0x0000000084400000|  0%| F|  |TAMS 0x0000000084300000, 0x0000000084300000| Untracked 
|  68|0x0000000084400000, 0x0000000084400000, 0x0000000084500000|  0%| F|  |TAMS 0x0000000084400000, 0x0000000084400000| Untracked 
|  69|0x0000000084500000, 0x0000000084500000, 0x0000000084600000|  0%| F|  |TAMS 0x0000000084500000, 0x0000000084500000| Untracked 
|  70|0x0000000084600000, 0x0000000084600000, 0x0000000084700000|  0%| F|  |TAMS 0x0000000084600000, 0x0000000084600000| Untracked 
|  71|0x0000000084700000, 0x0000000084700000, 0x0000000084800000|  0%| F|  |TAMS 0x0000000084700000, 0x0000000084700000| Untracked 
|  72|0x0000000084800000, 0x0000000084800000, 0x0000000084900000|  0%| F|  |TAMS 0x0000000084800000, 0x0000000084800000| Untracked 
|  73|0x0000000084900000, 0x0000000084900000, 0x0000000084a00000|  0%| F|  |TAMS 0x0000000084900000, 0x0000000084900000| Untracked 
|  74|0x0000000084a00000, 0x0000000084a00000, 0x0000000084b00000|  0%| F|  |TAMS 0x0000000084a00000, 0x0000000084a00000| Untracked 
|  75|0x0000000084b00000, 0x0000000084b00000, 0x0000000084c00000|  0%| F|  |TAMS 0x0000000084b00000, 0x0000000084b00000| Untracked 
|  76|0x0000000084c00000, 0x0000000084c00000, 0x0000000084d00000|  0%| F|  |TAMS 0x0000000084c00000, 0x0000000084c00000| Untracked 
|  77|0x0000000084d00000, 0x0000000084d00000, 0x0000000084e00000|  0%| F|  |TAMS 0x0000000084d00000, 0x0000000084d00000| Untracked 
|  78|0x0000000084e00000, 0x0000000084e00000, 0x0000000084f00000|  0%| F|  |TAMS 0x0000000084e00000, 0x0000000084e00000| Untracked 
|  79|0x0000000084f00000, 0x0000000084f00000, 0x0000000085000000|  0%| F|  |TAMS 0x0000000084f00000, 0x0000000084f00000| Untracked 
|  80|0x0000000085000000, 0x00000000850bbf88, 0x0000000085100000| 73%| E|  |TAMS 0x0000000085000000, 0x0000000085000000| Complete 
|  81|0x0000000085100000, 0x0000000085200000, 0x0000000085200000|100%| E|CS|TAMS 0x0000000085100000, 0x0000000085100000| Complete 
|  82|0x0000000085200000, 0x0000000085300000, 0x0000000085300000|100%| E|CS|TAMS 0x0000000085200000, 0x0000000085200000| Complete 
|  83|0x0000000085300000, 0x0000000085400000, 0x0000000085400000|100%| E|CS|TAMS 0x0000000085300000, 0x0000000085300000| Complete 
|  84|0x0000000085400000, 0x0000000085500000, 0x0000000085500000|100%| E|CS|TAMS 0x0000000085400000, 0x0000000085400000| Complete 
|  85|0x0000000085500000, 0x0000000085600000, 0x0000000085600000|100%| E|CS|TAMS 0x0000000085500000, 0x0000000085500000| Complete 
|  86|0x0000000085600000, 0x0000000085700000, 0x0000000085700000|100%| E|CS|TAMS 0x0000000085600000, 0x0000000085600000| Complete 
|  87|0x0000000085700000, 0x0000000085800000, 0x0000000085800000|100%| E|CS|TAMS 0x0000000085700000, 0x0000000085700000| Complete 
|  88|0x0000000085800000, 0x0000000085900000, 0x0000000085900000|100%| E|CS|TAMS 0x0000000085800000, 0x0000000085800000| Complete 
|  89|0x0000000085900000, 0x0000000085a00000, 0x0000000085a00000|100%| E|CS|TAMS 0x0000000085900000, 0x0000000085900000| Complete 
|  90|0x0000000085a00000, 0x0000000085b00000, 0x0000000085b00000|100%| E|CS|TAMS 0x0000000085a00000, 0x0000000085a00000| Complete 
|  91|0x0000000085b00000, 0x0000000085c00000, 0x0000000085c00000|100%| E|CS|TAMS 0x0000000085b00000, 0x0000000085b00000| Complete 
|  92|0x0000000085c00000, 0x0000000085d00000, 0x0000000085d00000|100%| E|CS|TAMS 0x0000000085c00000, 0x0000000085c00000| Complete 
|  93|0x0000000085d00000, 0x0000000085e00000, 0x0000000085e00000|100%| E|CS|TAMS 0x0000000085d00000, 0x0000000085d00000| Complete 
|  94|0x0000000085e00000, 0x0000000085f00000, 0x0000000085f00000|100%| E|CS|TAMS 0x0000000085e00000, 0x0000000085e00000| Complete 
|  95|0x0000000085f00000, 0x0000000085f89c88, 0x0000000086000000| 53%| S|CS|TAMS 0x0000000085f00000, 0x0000000085f00000| Complete 
|  96|0x0000000086000000, 0x0000000086100000, 0x0000000086100000|100%| E|CS|TAMS 0x0000000086000000, 0x0000000086000000| Complete 
|  97|0x0000000086100000, 0x0000000086200000, 0x0000000086200000|100%| E|CS|TAMS 0x0000000086100000, 0x0000000086100000| Complete 
|  98|0x0000000086200000, 0x0000000086300000, 0x0000000086300000|100%| E|CS|TAMS 0x0000000086200000, 0x0000000086200000| Complete 

Card table byte_map: [0x0000017e5da20000,0x0000017e5de20000] _byte_map_base: 0x0000017e5d620000

Marking Bits (Prev, Next): (CMBitMap*) 0x0000017e49397d80, (CMBitMap*) 0x0000017e49397dc0
 Prev Bits: [0x0000017e5e220000, 0x0000017e60220000)
 Next Bits: [0x0000017e60220000, 0x0000017e62220000)

Polling page: 0x0000017e4dfc0000

Metaspace:

Usage:
  Non-class:     55.83 MB used.
      Class:      8.37 MB used.
       Both:     64.20 MB used.

Virtual space:
  Non-class space:       64.00 MB reserved,      56.06 MB ( 88%) committed,  1 nodes.
      Class space:        1.00 GB reserved,       8.56 MB ( <1%) committed,  1 nodes.
             Both:        1.06 GB reserved,      64.62 MB (  6%) committed. 

Chunk freelists:
   Non-Class:  7.16 MB
       Class:  7.34 MB
        Both:  14.50 MB

MaxMetaspaceSize: unlimited
CompressedClassSpaceSize: 1.00 GB
Initial GC threshold: 21.00 MB
Current GC threshold: 100.31 MB
CDS: off
MetaspaceReclaimPolicy: balanced
 - commit_granule_bytes: 65536.
 - commit_granule_words: 8192.
 - virtual_space_node_default_size: 8388608.
 - enlarge_chunks_in_place: 1.
 - new_chunks_are_fully_committed: 0.
 - uncommit_free_chunks: 1.
 - use_allocation_guard: 0.
 - handle_deallocations: 1.


Internal statistics:

num_allocs_failed_limit: 6.
num_arena_births: 526.
num_arena_deaths: 0.
num_vsnodes_births: 2.
num_vsnodes_deaths: 0.
num_space_committed: 1034.
num_space_uncommitted: 0.
num_chunks_returned_to_freelist: 6.
num_chunks_taken_from_freelist: 2543.
num_chunk_merges: 6.
num_chunk_splits: 1693.
num_chunks_enlarged: 1177.
num_inconsistent_stats: 0.

CodeHeap 'non-profiled nmethods': size=120000Kb used=2634Kb max_used=3185Kb free=117365Kb
 bounds [0x0000017e55ab0000, 0x0000017e55dd0000, 0x0000017e5cfe0000]
CodeHeap 'profiled nmethods': size=120000Kb used=10999Kb max_used=12496Kb free=109000Kb
 bounds [0x0000017e4dfe0000, 0x0000017e4ec20000, 0x0000017e55510000]
CodeHeap 'non-nmethods': size=5760Kb used=2380Kb max_used=2421Kb free=3379Kb
 bounds [0x0000017e55510000, 0x0000017e55780000, 0x0000017e55ab0000]
 total_blobs=6727 nmethods=5834 adapters=804
 compilation: enabled
              stopped_count=0, restarted_count=0
 full_count=0

Compilation events (20 events):
Event: 18.059 Thread 0x0000017e64b0f7c0 6656       3       org.gradle.internal.event.ListenerBroadcast::dispatch (9 bytes)
Event: 18.059 Thread 0x0000017e64b0f7c0 nmethod 6656 0x0000017e4e80a310 code [0x0000017e4e80a4c0, 0x0000017e4e80a688]
Event: 18.060 Thread 0x0000017e64b0f7c0 6657       3       org.gradle.internal.service.DefaultServiceRegistry$OwnServices::getService (309 bytes)
Event: 18.063 Thread 0x0000017e64b0f7c0 nmethod 6657 0x0000017e4e008810 code [0x0000017e4e008d20, 0x0000017e4e00b9c8]
Event: 18.063 Thread 0x0000017e64b0f7c0 6658       1       java.util.Collections$EmptyList::size (2 bytes)
Event: 18.063 Thread 0x0000017e64b0f7c0 nmethod 6658 0x0000017e55b0c090 code [0x0000017e55b0c220, 0x0000017e55b0c2f8]
Event: 18.085 Thread 0x0000017e64b0f7c0 6659       3       java.lang.Class::isEnum (27 bytes)
Event: 18.086 Thread 0x0000017e64b0f7c0 nmethod 6659 0x0000017e4e811290 code [0x0000017e4e811440, 0x0000017e4e811648]
Event: 18.103 Thread 0x0000017e64b0f7c0 6662       3       org.objectweb.asm.AnnotationWriter::visit (935 bytes)
Event: 18.108 Thread 0x0000017e64b0f7c0 nmethod 6662 0x0000017e4e25fe10 code [0x0000017e4e260540, 0x0000017e4e264418]
Event: 18.109 Thread 0x0000017e64b0f7c0 6663       3       org.gradle.internal.instantiation.generator.AsmBackedClassGenerator$ClassBuilderImpl::access$5100 (4 bytes)
Event: 18.109 Thread 0x0000017e64b0f7c0 nmethod 6663 0x0000017e4e26ca90 code [0x0000017e4e26cc20, 0x0000017e4e26cd18]
Event: 18.129 Thread 0x0000017e64b0f7c0 6664       3       java.util.Spliterators::emptySpliterator (4 bytes)
Event: 18.130 Thread 0x0000017e64b0f7c0 nmethod 6664 0x0000017e4e2ec190 code [0x0000017e4e2ec320, 0x0000017e4e2ec418]
Event: 18.131 Thread 0x0000017e64b0f7c0 6665       3       java.util.Collections$EmptyList::spliterator (4 bytes)
Event: 18.131 Thread 0x0000017e64b0f7c0 nmethod 6665 0x0000017e4ea28910 code [0x0000017e4ea28aa0, 0x0000017e4ea28c18]
Event: 18.131 Thread 0x0000017e64b0f7c0 6666       3       java.util.Spliterators$EmptySpliterator$OfRef::forEachRemaining (6 bytes)
Event: 18.132 Thread 0x0000017e64b0f7c0 nmethod 6666 0x0000017e4e650290 code [0x0000017e4e650440, 0x0000017e4e650708]
Event: 18.132 Thread 0x0000017e64b0f7c0 6667       3       sun.management.MemoryPoolImpl::getType (15 bytes)
Event: 18.133 Thread 0x0000017e64b0f7c0 nmethod 6667 0x0000017e4ea75710 code [0x0000017e4ea758a0, 0x0000017e4ea75a38]

GC Heap History (20 events):
Event: 9.419 GC heap before
{Heap before GC invocations=16 (full 0):
 garbage-first heap   total 63488K, used 50615K [0x0000000080000000, 0x0000000100000000)
  region size 1024K, 18 young (18432K), 2 survivors (2048K)
 Metaspace       used 48398K, committed 48768K, reserved 1114112K
  class space    used 6392K, committed 6528K, reserved 1048576K
}
Event: 9.426 GC heap after
{Heap after GC invocations=17 (full 0):
 garbage-first heap   total 76800K, used 33409K [0x0000000080000000, 0x0000000100000000)
  region size 1024K, 2 young (2048K), 2 survivors (2048K)
 Metaspace       used 48398K, committed 48768K, reserved 1114112K
  class space    used 6392K, committed 6528K, reserved 1048576K
}
Event: 12.127 GC heap before
{Heap before GC invocations=17 (full 0):
 garbage-first heap   total 76800K, used 61057K [0x0000000080000000, 0x0000000100000000)
  region size 1024K, 29 young (29696K), 2 survivors (2048K)
 Metaspace       used 51245K, committed 51712K, reserved 1114112K
  class space    used 6774K, committed 6976K, reserved 1048576K
}
Event: 12.133 GC heap after
{Heap after GC invocations=18 (full 0):
 garbage-first heap   total 76800K, used 35768K [0x0000000080000000, 0x0000000100000000)
  region size 1024K, 4 young (4096K), 4 survivors (4096K)
 Metaspace       used 51245K, committed 51712K, reserved 1114112K
  class space    used 6774K, committed 6976K, reserved 1048576K
}
Event: 14.295 GC heap before
{Heap before GC invocations=18 (full 0):
 garbage-first heap   total 76800K, used 60344K [0x0000000080000000, 0x0000000100000000)
  region size 1024K, 29 young (29696K), 4 survivors (4096K)
 Metaspace       used 58197K, committed 58624K, reserved 1114112K
  class space    used 7654K, committed 7872K, reserved 1048576K
}
Event: 14.307 GC heap after
{Heap after GC invocations=19 (full 0):
 garbage-first heap   total 76800K, used 39265K [0x0000000080000000, 0x0000000100000000)
  region size 1024K, 4 young (4096K), 4 survivors (4096K)
 Metaspace       used 58197K, committed 58624K, reserved 1114112K
  class space    used 7654K, committed 7872K, reserved 1048576K
}
Event: 15.297 GC heap before
{Heap before GC invocations=19 (full 0):
 garbage-first heap   total 76800K, used 55649K [0x0000000080000000, 0x0000000100000000)
  region size 1024K, 22 young (22528K), 4 survivors (4096K)
 Metaspace       used 58681K, committed 59200K, reserved 1114112K
  class space    used 7699K, committed 7936K, reserved 1048576K
}
Event: 15.310 GC heap after
{Heap after GC invocations=20 (full 0):
 garbage-first heap   total 76800K, used 41711K [0x0000000080000000, 0x0000000100000000)
  region size 1024K, 3 young (3072K), 3 survivors (3072K)
 Metaspace       used 58681K, committed 59200K, reserved 1114112K
  class space    used 7699K, committed 7936K, reserved 1048576K
}
Event: 15.450 GC heap before
{Heap before GC invocations=21 (full 0):
 garbage-first heap   total 78848K, used 45807K [0x0000000080000000, 0x0000000100000000)
  region size 1024K, 6 young (6144K), 3 survivors (3072K)
 Metaspace       used 58778K, committed 59264K, reserved 1114112K
  class space    used 7711K, committed 7936K, reserved 1048576K
}
Event: 15.457 GC heap after
{Heap after GC invocations=22 (full 0):
 garbage-first heap   total 78848K, used 46849K [0x0000000080000000, 0x0000000100000000)
  region size 1024K, 2 young (2048K), 2 survivors (2048K)
 Metaspace       used 58778K, committed 59264K, reserved 1114112K
  class space    used 7711K, committed 7936K, reserved 1048576K
}
Event: 16.012 GC heap before
{Heap before GC invocations=23 (full 0):
 garbage-first heap   total 81920K, used 64257K [0x0000000080000000, 0x0000000100000000)
  region size 1024K, 14 young (14336K), 2 survivors (2048K)
 Metaspace       used 59572K, committed 60096K, reserved 1114112K
  class space    used 7807K, committed 8064K, reserved 1048576K
}
Event: 16.015 GC heap after
{Heap after GC invocations=24 (full 0):
 garbage-first heap   total 81920K, used 56889K [0x0000000080000000, 0x0000000100000000)
  region size 1024K, 2 young (2048K), 2 survivors (2048K)
 Metaspace       used 59572K, committed 60096K, reserved 1114112K
  class space    used 7807K, committed 8064K, reserved 1048576K
}
Event: 16.248 GC heap before
{Heap before GC invocations=24 (full 0):
 garbage-first heap   total 81920K, used 58937K [0x0000000080000000, 0x0000000100000000)
  region size 1024K, 4 young (4096K), 2 survivors (2048K)
 Metaspace       used 59803K, committed 60288K, reserved 1114112K
  class space    used 7838K, committed 8064K, reserved 1048576K
}
Event: 16.253 GC heap after
{Heap after GC invocations=25 (full 0):
 garbage-first heap   total 81920K, used 56472K [0x0000000080000000, 0x0000000100000000)
  region size 1024K, 1 young (1024K), 1 survivors (1024K)
 Metaspace       used 59803K, committed 60288K, reserved 1114112K
  class space    used 7838K, committed 8064K, reserved 1048576K
}
Event: 16.591 GC heap before
{Heap before GC invocations=25 (full 0):
 garbage-first heap   total 81920K, used 64664K [0x0000000080000000, 0x0000000100000000)
  region size 1024K, 9 young (9216K), 1 survivors (1024K)
 Metaspace       used 60867K, committed 61376K, reserved 1114112K
  class space    used 7993K, committed 8256K, reserved 1048576K
}
Event: 16.593 GC heap after
{Heap after GC invocations=26 (full 0):
 garbage-first heap   total 81920K, used 56734K [0x0000000080000000, 0x0000000100000000)
  region size 1024K, 1 young (1024K), 1 survivors (1024K)
 Metaspace       used 60867K, committed 61376K, reserved 1114112K
  class space    used 7993K, committed 8256K, reserved 1048576K
}
Event: 16.967 GC heap before
{Heap before GC invocations=27 (full 0):
 garbage-first heap   total 101376K, used 63902K [0x0000000080000000, 0x0000000100000000)
  region size 1024K, 9 young (9216K), 1 survivors (1024K)
 Metaspace       used 61928K, committed 62400K, reserved 1114112K
  class space    used 8153K, committed 8384K, reserved 1048576K
}
Event: 16.972 GC heap after
{Heap after GC invocations=28 (full 0):
 garbage-first heap   total 101376K, used 57058K [0x0000000080000000, 0x0000000100000000)
  region size 1024K, 1 young (1024K), 1 survivors (1024K)
 Metaspace       used 61928K, committed 62400K, reserved 1114112K
  class space    used 8153K, committed 8384K, reserved 1048576K
}
Event: 17.413 GC heap before
{Heap before GC invocations=28 (full 0):
 garbage-first heap   total 101376K, used 60130K [0x0000000080000000, 0x0000000100000000)
  region size 1024K, 4 young (4096K), 1 survivors (1024K)
 Metaspace       used 62363K, committed 62912K, reserved 1114112K
  class space    used 8216K, committed 8448K, reserved 1048576K
}
Event: 17.420 GC heap after
{Heap after GC invocations=29 (full 0):
 garbage-first heap   total 101376K, used 56896K [0x0000000080000000, 0x0000000100000000)
  region size 1024K, 1 young (1024K), 1 survivors (1024K)
 Metaspace       used 62363K, committed 62912K, reserved 1114112K
  class space    used 8216K, committed 8448K, reserved 1048576K
}

Dll operation events (2 events):
Event: 0.021 Loaded shared library C:\Program Files\Android\Android Studio\jbr\bin\java.dll
Event: 0.654 Loaded shared library C:\Program Files\Android\Android Studio\jbr\bin\verify.dll

Deoptimization events (20 events):
Event: 16.891 Thread 0x0000017e6a8067a0 DEOPT PACKING pc=0x0000017e55d531a8 sp=0x00000014e7ef7270
Event: 16.891 Thread 0x0000017e6a8067a0 DEOPT UNPACKING pc=0x0000017e5556a1a3 sp=0x00000014e7ef7188 mode 2
Event: 16.891 Thread 0x0000017e6a8067a0 Uncommon trap: trap_request=0xffffffc6 fr.pc=0x0000017e55d531a8 relative=0x00000000000009a8
Event: 16.891 Thread 0x0000017e6a8067a0 Uncommon trap: reason=bimorphic_or_optimized_type_check action=maybe_recompile pc=0x0000017e55d531a8 method=java.io.BufferedInputStream.read1([BII)I @ 39 c2
Event: 16.891 Thread 0x0000017e6a8067a0 DEOPT PACKING pc=0x0000017e55d531a8 sp=0x00000014e7ef7270
Event: 16.891 Thread 0x0000017e6a8067a0 DEOPT UNPACKING pc=0x0000017e5556a1a3 sp=0x00000014e7ef7188 mode 2
Event: 16.954 Thread 0x0000017e6a8067a0 Uncommon trap: trap_request=0xffffffc6 fr.pc=0x0000017e55d531a8 relative=0x00000000000009a8
Event: 16.954 Thread 0x0000017e6a8067a0 Uncommon trap: reason=bimorphic_or_optimized_type_check action=maybe_recompile pc=0x0000017e55d531a8 method=java.io.BufferedInputStream.read1([BII)I @ 39 c2
Event: 16.955 Thread 0x0000017e6a8067a0 DEOPT PACKING pc=0x0000017e55d531a8 sp=0x00000014e7ef7d20
Event: 16.955 Thread 0x0000017e6a8067a0 DEOPT UNPACKING pc=0x0000017e5556a1a3 sp=0x00000014e7ef7c38 mode 2
Event: 16.955 Thread 0x0000017e6a8067a0 Uncommon trap: trap_request=0xffffffde fr.pc=0x0000017e55c84b14 relative=0x00000000000001d4
Event: 16.955 Thread 0x0000017e6a8067a0 Uncommon trap: reason=class_check action=maybe_recompile pc=0x0000017e55c84b14 method=java.io.BufferedInputStream.read1([BII)I @ 39 c2
Event: 16.955 Thread 0x0000017e6a8067a0 DEOPT PACKING pc=0x0000017e55c84b14 sp=0x00000014e7ef7c80
Event: 16.955 Thread 0x0000017e6a8067a0 DEOPT UNPACKING pc=0x0000017e5556a1a3 sp=0x00000014e7ef7c28 mode 2
Event: 17.999 Thread 0x0000017e6a8067a0 Uncommon trap: trap_request=0xffffff45 fr.pc=0x0000017e55cdabb8 relative=0x0000000000000438
Event: 17.999 Thread 0x0000017e6a8067a0 Uncommon trap: reason=unstable_if action=reinterpret pc=0x0000017e55cdabb8 method=org.gradle.internal.service.DefaultServiceRegistry$OwnServices.getService(Ljava/lang/reflect/Type;)Lorg/gradle/internal/service/Service; @ 27 c2
Event: 17.999 Thread 0x0000017e6a8067a0 DEOPT PACKING pc=0x0000017e55cdabb8 sp=0x00000014e7ef7850
Event: 17.999 Thread 0x0000017e6a8067a0 DEOPT UNPACKING pc=0x0000017e5556a1a3 sp=0x00000014e7ef77c8 mode 2
Event: 18.038 Thread 0x0000017e6a8067a0 DEOPT PACKING pc=0x0000017e4ea6c063 sp=0x00000014e7ef7a20
Event: 18.038 Thread 0x0000017e6a8067a0 DEOPT UNPACKING pc=0x0000017e5556ace3 sp=0x00000014e7ef6f30 mode 0

Classes unloaded (0 events):
No events

Classes redefined (0 events):
No events

Internal exceptions (20 events):
Event: 12.208 Thread 0x0000017e6a8067a0 Exception <a 'sun/nio/fs/WindowsException'{0x000000008491a698}> (0x000000008491a698) 
thrown [s\src\hotspot\share\prims\jni.cpp, line 517]
Event: 13.138 Thread 0x0000017e6a8067a0 Implicit null exception at 0x0000017e55b7e0e8 to 0x0000017e55b7e268
Event: 15.150 Thread 0x0000017e6a8067a0 Exception <a 'java/lang/NoSuchMethodError'{0x0000000083a437c0}: 'long java.lang.invoke.DirectMethodHandle$Holder.invokeVirtual(java.lang.Object, java.lang.Object)'> (0x0000000083a437c0) 
thrown [s\src\hotspot\share\interpreter\linkResolver.cpp, line 771]
Event: 15.159 Thread 0x0000017e69434d20 Exception <a 'java/lang/NoSuchMethodError'{0x0000000083a84e50}: static Lorg/gradle/internal/build/event/types/DefaultOperationFinishedProgressEvent;.<clinit>()V> (0x0000000083a84e50) 
thrown [s\src\hotspot\share\prims\jni.cpp, line 1108]
Event: 15.164 Thread 0x0000017e69434d20 Exception <a 'java/lang/NoSuchMethodError'{0x0000000083aad920}: static Lorg/gradle/internal/build/event/types/DefaultProjectConfigurationSuccessResult;.<clinit>()V> (0x0000000083aad920) 
thrown [s\src\hotspot\share\prims\jni.cpp, line 1108]
Event: 15.165 Thread 0x0000017e69434d20 Exception <a 'java/lang/NoSuchMethodError'{0x0000000083aaeea0}: static Lorg/gradle/internal/build/event/types/AbstractProjectConfigurationResult;.<clinit>()V> (0x0000000083aaeea0) 
thrown [s\src\hotspot\share\prims\jni.cpp, line 1108]
Event: 15.165 Thread 0x0000017e69434d20 Exception <a 'java/lang/NoSuchMethodError'{0x0000000083ab05f8}: static Lorg/gradle/internal/build/event/types/AbstractOperationResult;.<clinit>()V> (0x0000000083ab05f8) 
thrown [s\src\hotspot\share\prims\jni.cpp, line 1108]
Event: 15.165 Thread 0x0000017e69434d20 Exception <a 'java/lang/NoSuchMethodError'{0x0000000083ab1a70}: static Lorg/gradle/internal/build/event/types/AbstractResult;.<clinit>()V> (0x0000000083ab1a70) 
thrown [s\src\hotspot\share\prims\jni.cpp, line 1108]
Event: 15.168 Thread 0x0000017e69434d20 Exception <a 'java/lang/NoSuchMethodError'{0x0000000083ac9840}: static Lorg/gradle/internal/build/event/types/DefaultPluginApplicationResult;.<clinit>()V> (0x0000000083ac9840) 
thrown [s\src\hotspot\share\prims\jni.cpp, line 1108]
Event: 15.173 Thread 0x0000017e69434d20 Exception <a 'java/lang/NoSuchMethodError'{0x0000000083ad5bf8}: static Lorg/gradle/internal/build/event/types/DefaultBinaryPluginIdentifier;.<clinit>()V> (0x0000000083ad5bf8) 
thrown [s\src\hotspot\share\prims\jni.cpp, line 1108]
Event: 15.177 Thread 0x0000017e69434d20 Exception <a 'java/lang/NoSuchMethodError'{0x0000000083aedd28}: static Lorg/gradle/internal/build/event/types/DefaultScriptPluginIdentifier;.<clinit>()V> (0x0000000083aedd28) 
thrown [s\src\hotspot\share\prims\jni.cpp, line 1108]
Event: 15.268 Thread 0x0000017e6a8067a0 Exception <a 'java/lang/ClassNotFoundException'{0x0000000083964f98}: build_2jin9ghp631daaorxqyfr29luBeanInfo> (0x0000000083964f98) 
thrown [s\src\hotspot\share\classfile\systemDictionary.cpp, line 256]
Event: 15.271 Thread 0x0000017e6a8067a0 Exception <a 'java/lang/ClassNotFoundException'{0x0000000083974778}: build_2jin9ghp631daaorxqyfr29luCustomizer> (0x0000000083974778) 
thrown [s\src\hotspot\share\classfile\systemDictionary.cpp, line 256]
Event: 15.547 Thread 0x0000017e6488ae10 Implicit null exception at 0x0000017e55d36883 to 0x0000017e55d36a3c
Event: 15.852 Thread 0x0000017e6a8067a0 Exception <a 'java/lang/ClassNotFoundException'{0x0000000084637f48}: org/gradle/api/internal/plugins/DefaultObjectConfigurationActionBeanInfo> (0x0000000084637f48) 
thrown [s\src\hotspot\share\classfile\systemDictionary.cpp, line 256]
Event: 15.854 Thread 0x0000017e6a8067a0 Exception <a 'java/lang/ClassNotFoundException'{0x000000008464a2a0}: org/gradle/api/internal/plugins/DefaultObjectConfigurationActionCustomizer> (0x000000008464a2a0) 
thrown [s\src\hotspot\share\classfile\systemDictionary.cpp, line 256]
Event: 16.459 Thread 0x0000017e6a8067a0 Exception <a 'java/lang/NoSuchMethodError'{0x0000000084a273c0}: 'java.lang.Object java.lang.invoke.DirectMethodHandle$Holder.newInvokeSpecial(java.lang.Object, java.lang.Object, java.lang.Object, java.lang.Object, int)'> (0x0000000084a273c0) 
thrown [s\src\hotspot\share\interpreter\linkResolver.cpp, line 771]
Event: 16.459 Thread 0x0000017e6a8067a0 Exception <a 'java/lang/NoSuchMethodError'{0x0000000084a2c560}: 'java.lang.Object java.lang.invoke.DirectMethodHandle$Holder.invokeSpecial(java.lang.Object, java.lang.Object, java.lang.Object, java.lang.Object, java.lang.Object, int)'> (0x0000000084a2c560) 
thrown [s\src\hotspot\share\interpreter\linkResolver.cpp, line 771]
Event: 16.460 Thread 0x0000017e6a8067a0 Exception <a 'java/lang/NoSuchMethodError'{0x0000000084a31038}: 'java.lang.Object java.lang.invoke.Invokers$Holder.linkToTargetMethod(java.lang.Object, java.lang.Object, java.lang.Object, int, java.lang.Object)'> (0x0000000084a31038) 
thrown [s\src\hotspot\share\interpreter\linkResolver.cpp, line 771]
Event: 17.240 Thread 0x0000017e6a8067a0 Exception <a 'java/lang/NoSuchMethodError'{0x000000008604e800}: 'int java.lang.invoke.DirectMethodHandle$Holder.invokeInterface(java.lang.Object, java.lang.Object, java.lang.Object, java.lang.Object)'> (0x000000008604e800) 
thrown [s\src\hotspot\share\interpreter\linkResolver.cpp, line 771]

VM Operations (20 events):
Event: 15.625 Executing VM operation: HandshakeAllThreads
Event: 15.625 Executing VM operation: HandshakeAllThreads done
Event: 16.012 Executing VM operation: G1CollectForAllocation
Event: 16.015 Executing VM operation: G1CollectForAllocation done
Event: 16.248 Executing VM operation: G1CollectForAllocation
Event: 16.253 Executing VM operation: G1CollectForAllocation done
Event: 16.591 Executing VM operation: G1CollectForAllocation
Event: 16.593 Executing VM operation: G1CollectForAllocation done
Event: 16.660 Executing VM operation: G1PauseRemark
Event: 16.666 Executing VM operation: G1PauseRemark done
Event: 16.700 Executing VM operation: G1PauseCleanup
Event: 16.700 Executing VM operation: G1PauseCleanup done
Event: 16.967 Executing VM operation: G1CollectForAllocation
Event: 16.972 Executing VM operation: G1CollectForAllocation done
Event: 17.174 Executing VM operation: HandshakeAllThreads
Event: 17.174 Executing VM operation: HandshakeAllThreads done
Event: 17.238 Executing VM operation: HandshakeAllThreads
Event: 17.238 Executing VM operation: HandshakeAllThreads done
Event: 17.413 Executing VM operation: G1CollectForAllocation
Event: 17.420 Executing VM operation: G1CollectForAllocation done

Events (20 events):
Event: 17.946 loading class java/time/format/DateTimeFormatterBuilder$FractionPrinterParser done
Event: 17.947 loading class java/time/format/DateTimeFormatterBuilder$ZoneIdPrinterParser
Event: 17.947 loading class java/time/format/DateTimeFormatterBuilder$ZoneIdPrinterParser done
Event: 17.947 loading class java/time/format/DateTimeFormatterBuilder$StringLiteralPrinterParser
Event: 17.947 loading class java/time/format/DateTimeFormatterBuilder$StringLiteralPrinterParser done
Event: 17.947 loading class java/time/format/DateTimeFormatterBuilder$InstantPrinterParser
Event: 17.947 loading class java/time/format/DateTimeFormatterBuilder$InstantPrinterParser done
Event: 17.947 loading class java/time/format/DateTimeTextProvider$LocaleStore
Event: 17.948 loading class java/time/format/DateTimeTextProvider$LocaleStore done
Event: 17.948 loading class java/time/format/DateTimeTextProvider
Event: 17.948 loading class java/time/format/DateTimeTextProvider done
Event: 17.948 loading class java/time/format/DateTimeTextProvider$1
Event: 17.948 loading class java/time/format/DateTimeTextProvider$1 done
Event: 17.948 loading class java/time/format/DateTimeFormatterBuilder$1
Event: 17.948 loading class java/time/format/DateTimeFormatterBuilder$1 done
Event: 17.948 loading class java/time/format/DateTimeFormatterBuilder$TextPrinterParser
Event: 17.949 loading class java/time/format/DateTimeFormatterBuilder$TextPrinterParser done
Event: 17.950 loading class java/util/concurrent/Executors$DefaultThreadFactory
Event: 17.950 loading class java/util/concurrent/Executors$DefaultThreadFactory done
Event: 18.215 Thread 0x0000017e6bcdd300 Thread added: 0x0000017e6bcdd300


Dynamic libraries:
0x00007ff64e2c0000 - 0x00007ff64e2ca000 	C:\Program Files\Android\Android Studio\jbr\bin\java.exe
0x00007ffe48150000 - 0x00007ffe48367000 	C:\WINDOWS\SYSTEM32\ntdll.dll
0x00007ffe47550000 - 0x00007ffe47614000 	C:\WINDOWS\System32\KERNEL32.DLL
0x00007ffe455e0000 - 0x00007ffe4598d000 	C:\WINDOWS\System32\KERNELBASE.dll
0x00007ffe45990000 - 0x00007ffe45aa1000 	C:\WINDOWS\System32\ucrtbase.dll
0x00007ffe00af0000 - 0x00007ffe00b07000 	C:\Program Files\Android\Android Studio\jbr\bin\jli.dll
0x00007ffe002d0000 - 0x00007ffe002eb000 	C:\Program Files\Android\Android Studio\jbr\bin\VCRUNTIME140.dll
0x00007ffe467c0000 - 0x00007ffe4696e000 	C:\WINDOWS\System32\USER32.dll
0x00007ffe45c20000 - 0x00007ffe45c46000 	C:\WINDOWS\System32\win32u.dll
0x00007ffe47d50000 - 0x00007ffe47d79000 	C:\WINDOWS\System32\GDI32.dll
0x00007ffe2c940000 - 0x00007ffe2cbd3000 	C:\WINDOWS\WinSxS\amd64_microsoft.windows.common-controls_6595b64144ccf1df_6.0.22621.3672_none_2713b9d173822955\COMCTL32.dll
0x00007ffe45d70000 - 0x00007ffe45e89000 	C:\WINDOWS\System32\gdi32full.dll
0x00007ffe461f0000 - 0x00007ffe46297000 	C:\WINDOWS\System32\msvcrt.dll
0x00007ffe45540000 - 0x00007ffe455da000 	C:\WINDOWS\System32\msvcp_win.dll
0x00007ffe477d0000 - 0x00007ffe47801000 	C:\WINDOWS\System32\IMM32.DLL
0x00007ffe29090000 - 0x00007ffe2909c000 	C:\Program Files\Android\Android Studio\jbr\bin\vcruntime140_1.dll
0x00007ffdd9ce0000 - 0x00007ffdd9d6d000 	C:\Program Files\Android\Android Studio\jbr\bin\msvcp140.dll
0x00007ffd832b0000 - 0x00007ffd83f33000 	C:\Program Files\Android\Android Studio\jbr\bin\server\jvm.dll
0x00007ffe46120000 - 0x00007ffe461d2000 	C:\WINDOWS\System32\ADVAPI32.dll
0x00007ffe47e10000 - 0x00007ffe47eb9000 	C:\WINDOWS\System32\sechost.dll
0x00007ffe45c50000 - 0x00007ffe45c78000 	C:\WINDOWS\System32\bcrypt.dll
0x00007ffe47640000 - 0x00007ffe47754000 	C:\WINDOWS\System32\RPCRT4.dll
0x00007ffe45340000 - 0x00007ffe4538d000 	C:\WINDOWS\SYSTEM32\POWRPROF.dll
0x00007ffe3f050000 - 0x00007ffe3f084000 	C:\WINDOWS\SYSTEM32\WINMM.dll
0x00007ffe3df90000 - 0x00007ffe3df99000 	C:\WINDOWS\SYSTEM32\WSOCK32.dll
0x00007ffe3ee60000 - 0x00007ffe3ee6a000 	C:\WINDOWS\SYSTEM32\VERSION.dll
0x00007ffe45ee0000 - 0x00007ffe45f51000 	C:\WINDOWS\System32\WS2_32.dll
0x00007ffe45320000 - 0x00007ffe45333000 	C:\WINDOWS\SYSTEM32\UMPDC.dll
0x00007ffe44470000 - 0x00007ffe44488000 	C:\WINDOWS\SYSTEM32\kernel.appcore.dll
0x00007ffe1f2c0000 - 0x00007ffe1f2ca000 	C:\Program Files\Android\Android Studio\jbr\bin\jimage.dll
0x00007ffe42f10000 - 0x00007ffe43142000 	C:\WINDOWS\SYSTEM32\DBGHELP.DLL
0x00007ffe46430000 - 0x00007ffe467b8000 	C:\WINDOWS\System32\combase.dll
0x00007ffe46350000 - 0x00007ffe46427000 	C:\WINDOWS\System32\OLEAUT32.dll
0x00007ffe3c6f0000 - 0x00007ffe3c722000 	C:\WINDOWS\SYSTEM32\dbgcore.DLL
0x00007ffe45c80000 - 0x00007ffe45cfb000 	C:\WINDOWS\System32\bcryptPrimitives.dll
0x00007ffe04670000 - 0x00007ffe04695000 	C:\Program Files\Android\Android Studio\jbr\bin\java.dll
0x00007ffe05930000 - 0x00007ffe05948000 	C:\Program Files\Android\Android Studio\jbr\bin\zip.dll
0x00007ffe46cf0000 - 0x00007ffe4754f000 	C:\WINDOWS\System32\SHELL32.dll
0x00007ffe43380000 - 0x00007ffe43c7c000 	C:\WINDOWS\SYSTEM32\windows.storage.dll
0x00007ffe43240000 - 0x00007ffe4337f000 	C:\WINDOWS\SYSTEM32\wintypes.dll
0x00007ffe46970000 - 0x00007ffe46a64000 	C:\WINDOWS\System32\SHCORE.dll
0x00007ffe47770000 - 0x00007ffe477ce000 	C:\WINDOWS\System32\shlwapi.dll
0x00007ffe453b0000 - 0x00007ffe453d1000 	C:\WINDOWS\SYSTEM32\profapi.dll
0x00007ffe04650000 - 0x00007ffe04669000 	C:\Program Files\Android\Android Studio\jbr\bin\net.dll
0x00007ffe3f600000 - 0x00007ffe3f736000 	C:\WINDOWS\SYSTEM32\WINHTTP.dll
0x00007ffe448e0000 - 0x00007ffe44949000 	C:\WINDOWS\system32\mswsock.dll
0x00007ffe023e0000 - 0x00007ffe023f6000 	C:\Program Files\Android\Android Studio\jbr\bin\nio.dll
0x00007ffe023d0000 - 0x00007ffe023e0000 	C:\Program Files\Android\Android Studio\jbr\bin\verify.dll
0x00007ffdf62f0000 - 0x00007ffdf6317000 	C:\Users\oksip\.gradle\native\68d5fa5c4cc2d200863cafc0d521ce42e7d3e7ee720ec0a83991735586a16f82\windows-amd64\native-platform.dll
0x00007ffdd1040000 - 0x00007ffdd1184000 	C:\Users\oksip\.gradle\native\e376f236ea51e6404a007f0833ffe2c6e607c4080706a723a18a27aeea778392\windows-amd64\native-platform-file-events.dll
0x00007ffe1f2b0000 - 0x00007ffe1f2b9000 	C:\Program Files\Android\Android Studio\jbr\bin\management.dll
0x00007ffe04640000 - 0x00007ffe0464b000 	C:\Program Files\Android\Android Studio\jbr\bin\management_ext.dll
0x00007ffe45f60000 - 0x00007ffe45f68000 	C:\WINDOWS\System32\PSAPI.DLL
0x00007ffe44b00000 - 0x00007ffe44b1b000 	C:\WINDOWS\SYSTEM32\CRYPTSP.dll
0x00007ffe443d0000 - 0x00007ffe44405000 	C:\WINDOWS\system32\rsaenh.dll
0x00007ffe449a0000 - 0x00007ffe449c8000 	C:\WINDOWS\SYSTEM32\USERENV.dll
0x00007ffe44b20000 - 0x00007ffe44b2c000 	C:\WINDOWS\SYSTEM32\CRYPTBASE.dll
0x00007ffe43f70000 - 0x00007ffe43f9d000 	C:\WINDOWS\SYSTEM32\IPHLPAPI.DLL
0x00007ffe461e0000 - 0x00007ffe461e9000 	C:\WINDOWS\System32\NSI.dll
0x00007ffe3f5e0000 - 0x00007ffe3f5f9000 	C:\WINDOWS\SYSTEM32\dhcpcsvc6.DLL
0x00007ffe3f5c0000 - 0x00007ffe3f5df000 	C:\WINDOWS\SYSTEM32\dhcpcsvc.DLL
0x00007ffe43fa0000 - 0x00007ffe44098000 	C:\WINDOWS\SYSTEM32\DNSAPI.dll
0x00007ffe25390000 - 0x00007ffe25398000 	C:\WINDOWS\system32\wshunix.dll
0x00007ffe320b0000 - 0x00007ffe320ba000 	C:\Windows\System32\rasadhlp.dll
0x00007ffe3dad0000 - 0x00007ffe3db53000 	C:\WINDOWS\System32\fwpuclnt.dll

dbghelp: loaded successfully - version: 4.0.5 - missing functions: none
symbol engine: initialized successfully - sym options: 0x614 - pdb path: .;C:\Program Files\Android\Android Studio\jbr\bin;C:\WINDOWS\SYSTEM32;C:\WINDOWS\WinSxS\amd64_microsoft.windows.common-controls_6595b64144ccf1df_6.0.22621.3672_none_2713b9d173822955;C:\Program Files\Android\Android Studio\jbr\bin\server;C:\Users\oksip\.gradle\native\68d5fa5c4cc2d200863cafc0d521ce42e7d3e7ee720ec0a83991735586a16f82\windows-amd64;C:\Users\oksip\.gradle\native\e376f236ea51e6404a007f0833ffe2c6e607c4080706a723a18a27aeea778392\windows-amd64

VM Arguments:
jvm_args: --add-opens=java.base/java.util=ALL-UNNAMED --add-opens=java.base/java.lang=ALL-UNNAMED --add-opens=java.base/java.lang.invoke=ALL-UNNAMED --add-opens=java.prefs/java.util.prefs=ALL-UNNAMED --add-opens=java.base/java.nio.charset=ALL-UNNAMED --add-opens=java.base/java.net=ALL-UNNAMED --add-opens=java.base/java.util.concurrent.atomic=ALL-UNNAMED -Xmx2048m -Dfile.encoding=UTF-8 -Duser.country=ID -Duser.language=en -Duser.variant 
java_command: org.gradle.launcher.daemon.bootstrap.GradleDaemon 8.0
java_class_path (initial): C:\Users\oksip\.gradle\wrapper\dists\gradle-8.0-bin\ca5e32bp14vu59qr306oxotwh\gradle-8.0\lib\gradle-launcher-8.0.jar
Launcher Type: SUN_STANDARD

[Global flags]
     intx CICompilerCount                          = 3                                         {product} {ergonomic}
     uint ConcGCThreads                            = 1                                         {product} {ergonomic}
     uint G1ConcRefinementThreads                  = 4                                         {product} {ergonomic}
   size_t G1HeapRegionSize                         = 1048576                                   {product} {ergonomic}
    uintx GCDrainStackTargetSize                   = 64                                        {product} {ergonomic}
   size_t InitialHeapSize                          = 65011712                                  {product} {ergonomic}
   size_t MarkStackSize                            = 4194304                                   {product} {ergonomic}
   size_t MaxHeapSize                              = 2147483648                                {product} {command line}
   size_t MaxNewSize                               = 1287651328                                {product} {ergonomic}
   size_t MinHeapDeltaBytes                        = 1048576                                   {product} {ergonomic}
   size_t MinHeapSize                              = 8388608                                   {product} {ergonomic}
    uintx NonNMethodCodeHeapSize                   = 5832780                                {pd product} {ergonomic}
    uintx NonProfiledCodeHeapSize                  = 122912730                              {pd product} {ergonomic}
    uintx ProfiledCodeHeapSize                     = 122912730                              {pd product} {ergonomic}
    uintx ReservedCodeCacheSize                    = 251658240                              {pd product} {ergonomic}
     bool SegmentedCodeCache                       = true                                      {product} {ergonomic}
   size_t SoftMaxHeapSize                          = 2147483648                             {manageable} {ergonomic}
     bool UseCompressedClassPointers               = true                           {product lp64_product} {ergonomic}
     bool UseCompressedOops                        = true                           {product lp64_product} {ergonomic}
     bool UseG1GC                                  = true                                      {product} {ergonomic}
     bool UseLargePagesIndividualAllocation        = false                                  {pd product} {ergonomic}

Logging:
Log output configuration:
 #0: stdout all=warning uptime,level,tags
 #1: stderr all=off uptime,level,tags

Environment Variables:
JAVA_HOME=C:\Program Files\Java\jdk-17
PATH=C:\Program Files\Common Files\Oracle\Java\javapath;C:\Program Files\Eclipse Adoptium\jdk-17.0.4.101-hotspot\bin;C:\Program Files (x86)\Common Files\Intel\Shared Files\cpp\bin\Intel64;C:\WINDOWS\system32;C:\WINDOWS;C:\WINDOWS\System32\Wbem;C:\WINDOWS\System32\WindowsPowerShell\v1.0\;C:\WINDOWS\System32\OpenSSH\;C:\MinGW\bin;C:\xampp\php;C:\ProgramData\ComposerSetup\bin;C:\Program Files\Git\cmd;C:\Program Files\PuTTY\;D:\swipl\bin;C:\scrcpy-win64-v1.25;C:\Program Files\Java\jdk-17\bin;C:\flutter\bin;C:\cmdline-tools\platform-tools;C:\cmdline-tools\platforms;C:\Users\oksip\AppData\Roaming\nvm;C:\Program Files\nodejs;C:\Users\oksip\AppData\Local\Programs\Python\Python311\Scripts\;C:\Users\oksip\AppData\Local\Programs\Python\Python311\;C:\Users\oksip\AppData\Local\Microsoft\WindowsApps;C:\Users\oksip\AppData\Local\Programs\Microsoft VS Code\bin;C:\flutter\bin;C:\cmdline-tools\platform-tools;C:\cmdline-tools\platforms;C:\Users\oksip\AppData\Roaming\Composer\vendor\bin;C:\Users\oksip\AppData\Roaming\nvm;C:\Program Files\nodejs
USERNAME=oksip
OS=Windows_NT
PROCESSOR_IDENTIFIER=Intel64 Family 6 Model 126 Stepping 5, GenuineIntel
TMP=C:\Users\oksip\AppData\Local\Temp
TEMP=C:\Users\oksip\AppData\Local\Temp



Periodic native trim disabled

JNI global refs:
JNI global refs: 24, weak refs: 4

JNI global refs memory usage: 843, weak refs: 841

OOME stack traces (most recent first):
Classloader memory used:
Loader org.gradle.internal.classloader.VisitableURLClassLoader                         : 3189K
Loader bootstrap                                                                       : 3082K
Loader org.gradle.initialization.MixInLegacyTypesClassLoader                           : 1128K
Loader org.gradle.internal.classloader.VisitableURLClassLoader                         : 664K
Loader jdk.internal.loader.ClassLoaders$PlatformClassLoader                            : 100510B
Loader jdk.internal.loader.ClassLoaders$AppClassLoader                                 : 26051B
Loader jdk.internal.reflect.DelegatingClassLoader                                      : 20888B
Loader org.gradle.groovy.scripts.internal.DefaultScriptCompilationHandler$ScriptClassLoader: 8644B
Loader org.codehaus.groovy.runtime.callsite.CallSiteClassLoader                        : 1520B

Classes loaded by more than one classloader:
Class org.gradle.internal.installation.GradleInstallation                             : loaded 2 times (x 73B)
Class com.google.common.collect.Iterators$MergingIterator                             : loaded 2 times (x 79B)
Class [Lcom.google.common.collect.AbstractMapEntry;                                   : loaded 2 times (x 67B)
Class com.google.common.collect.SingletonImmutableList                                : loaded 2 times (x 167B)
Class com.google.common.cache.CacheLoader$SupplierToCacheLoader                       : loaded 2 times (x 73B)
Class org.gradle.internal.classpath.ClassPath                                         : loaded 2 times (x 68B)
Class com.google.common.cache.RemovalListener                                         : loaded 2 times (x 68B)
Class org.gradle.api.internal.classpath.DefaultModuleRegistry                         : loaded 2 times (x 84B)
Class com.google.common.collect.ListMultimap                                          : loaded 2 times (x 68B)
Class com.google.common.base.CharMatcher$JavaDigit                                    : loaded 2 times (x 109B)
Class com.google.common.base.CharMatcher$Digit                                        : loaded 2 times (x 110B)
Class com.google.common.collect.AbstractMultimap                                      : loaded 2 times (x 121B)
Class com.google.common.cache.CacheBuilder$OneWeigher                                 : loaded 2 times (x 80B)
Class org.gradle.api.Action                                                           : loaded 2 times (x 68B)
Class com.google.common.collect.ImmutableEntry                                        : loaded 2 times (x 80B)
Class com.google.common.collect.Lists$StringAsImmutableList                           : loaded 2 times (x 167B)
Class com.google.common.cache.LocalCache$StrongEntry                                  : loaded 2 times (x 106B)
Class com.google.common.base.CharMatcher                                              : loaded 2 times (x 109B)
Class com.google.common.base.CharMatcher$IsNot                                        : loaded 2 times (x 109B)
Class com.google.common.base.Splitter                                                 : loaded 2 times (x 70B)
Class [Lcom.google.common.cache.Weigher;                                              : loaded 2 times (x 67B)
Class com.google.common.collect.Iterators$ArrayItr                                    : loaded 2 times (x 95B)
Class com.google.common.cache.LocalCache$Segment                                      : loaded 2 times (x 152B)
Class org.gradle.api.internal.DefaultClassPathProvider                                : loaded 2 times (x 74B)
Class org.gradle.internal.installation.GradleInstallation$1                           : loaded 2 times (x 73B)
Class com.google.common.cache.LocalCache$AbstractReferenceEntry                       : loaded 2 times (x 105B)
Class settings_4g2imoax1gibc6qyetcqht5qx$_run_closure1                                : loaded 2 times (x 134B)
Class com.google.common.util.concurrent.AbstractFuture$Failure                        : loaded 2 times (x 70B)
Class com.google.common.base.CharMatcher$BitSetMatcher                                : loaded 2 times (x 110B)
Class com.google.common.collect.ImmutableMap$IteratorBasedImmutableMap                : loaded 2 times (x 123B)
Class com.google.common.collect.ImmutableMap                                          : loaded 2 times (x 118B)
Class com.google.common.base.Converter                                                : loaded 2 times (x 88B)
Class com.google.common.collect.ImmutableSet$EmptySetBuilderImpl                      : loaded 2 times (x 74B)
Class com.google.common.base.Equivalence                                              : loaded 2 times (x 80B)
Class com.google.common.cache.LocalCache$EntryFactory$1                               : loaded 2 times (x 81B)
Class com.google.common.cache.LocalCache$EntryFactory$2                               : loaded 2 times (x 81B)
Class com.google.common.cache.LocalCache$EntryFactory$3                               : loaded 2 times (x 81B)
Class com.google.common.cache.LocalCache$EntryFactory$4                               : loaded 2 times (x 81B)
Class com.google.common.cache.LocalCache$EntryFactory$5                               : loaded 2 times (x 81B)
Class com.google.common.cache.LocalCache$EntryFactory$6                               : loaded 2 times (x 81B)
Class com.google.common.cache.LocalCache$EntryFactory$7                               : loaded 2 times (x 81B)
Class com.google.common.cache.LocalCache$EntryFactory$8                               : loaded 2 times (x 81B)
Class com.google.common.base.Predicate                                                : loaded 2 times (x 68B)
Class com.google.common.cache.LocalCache$StrongValueReference                         : loaded 2 times (x 88B)
Class org.gradle.internal.classloader.FilteringClassLoader                            : loaded 2 times (x 103B)
Class com.google.common.collect.RegularImmutableSet                                   : loaded 2 times (x 146B)
Class [Lcom.google.common.cache.LocalCache$Strength;                                  : loaded 2 times (x 67B)
Class org.gradle.internal.classpath.DefaultClassPath$ImmutableUniqueList$Builder      : loaded 2 times (x 73B)
Class com.google.common.collect.Maps$8                                                : loaded 2 times (x 80B)
Class com.google.common.base.PatternCompiler                                          : loaded 2 times (x 68B)
Class [Lcom.google.common.cache.CacheBuilder$NullListener;                            : loaded 2 times (x 67B)
Class com.google.common.base.CharMatcher$InRange                                      : loaded 2 times (x 109B)
Class com.google.common.collect.BiMap                                                 : loaded 2 times (x 68B)
Class com.google.common.collect.Lists                                                 : loaded 2 times (x 69B)
Class com.google.common.math.IntMath$1                                                : loaded 2 times (x 69B)
Class org.gradle.internal.classloader.ClassLoaderVisitor                              : loaded 2 times (x 74B)
Class com.google.common.cache.CacheBuilder$NullListener                               : loaded 2 times (x 80B)
Class settings_4g2imoax1gibc6qyetcqht5qx$_run_closure1$_closure2                      : loaded 2 times (x 134B)
Class com.google.common.math.MathPreconditions                                        : loaded 2 times (x 69B)
Class org.gradle.internal.service.DefaultServiceLocator                               : loaded 2 times (x 81B)
Class org.gradle.internal.service.UnknownServiceException                             : loaded 2 times (x 81B)
Class com.google.common.util.concurrent.AbstractFuture$SynchronizedHelper             : loaded 2 times (x 74B)
Class com.google.common.collect.ArrayListMultimap                                     : loaded 2 times (x 170B)
Class com.google.common.cache.CacheLoader$InvalidCacheLoadException                   : loaded 2 times (x 80B)
Class org.gradle.internal.classloader.DefaultClassLoaderFactory                       : loaded 2 times (x 80B)
Class com.google.common.collect.UnmodifiableIterator                                  : loaded 2 times (x 78B)
Class com.google.common.base.Stopwatch                                                : loaded 2 times (x 70B)
Class com.google.common.base.Platform$JdkPatternCompiler                              : loaded 2 times (x 73B)
Class com.google.common.cache.LocalCache$LoadingValueReference                        : loaded 2 times (x 94B)
Class com.google.common.base.CharMatcher$SingleWidth                                  : loaded 2 times (x 110B)
Class com.google.common.collect.Hashing                                               : loaded 2 times (x 69B)
Class com.google.common.base.JdkPattern                                               : loaded 2 times (x 73B)
Class com.google.common.collect.Multimap                                              : loaded 2 times (x 68B)
Class com.google.common.base.FunctionalEquivalence                                    : loaded 2 times (x 81B)
Class com.google.common.cache.LocalCache$1                                            : loaded 2 times (x 87B)
Class com.google.common.cache.LocalCache$2                                            : loaded 2 times (x 140B)
Class org.gradle.internal.classloader.VisitableURLClassLoader$Spec                    : loaded 2 times (x 72B)
Class org.gradle.api.GradleException                                                  : loaded 2 times (x 80B)
Class com.google.common.base.CharMatcher$JavaLetterOrDigit                            : loaded 2 times (x 109B)
Class org.gradle.api.internal.classpath.ModuleRegistry                                : loaded 2 times (x 68B)
Class com.google.common.cache.CacheBuilder                                            : loaded 2 times (x 70B)
Class com.google.common.collect.ImmutableCollection                                   : loaded 2 times (x 123B)
Class settings_4g2imoax1gibc6qyetcqht5qx                                              : loaded 2 times (x 177B)
Class com.google.common.base.PairwiseEquivalence                                      : loaded 2 times (x 81B)
Class com.google.common.base.Ticker                                                   : loaded 2 times (x 70B)
Class org.gradle.api.internal.ClassPathProvider                                       : loaded 2 times (x 68B)
Class com.google.common.collect.RegularImmutableMap$Values                            : loaded 2 times (x 167B)
Class org.gradle.internal.classloader.ClasspathUtil$1                                 : loaded 2 times (x 74B)
Class com.google.common.collect.ImmutableEnumMap                                      : loaded 2 times (x 123B)
Class com.google.common.collect.ImmutableList$ReverseImmutableList                    : loaded 2 times (x 168B)
Class com.google.common.cache.AbstractCache$StatsCounter                              : loaded 2 times (x 68B)
Class com.google.common.cache.LocalCache$Strength$1                                   : loaded 2 times (x 79B)
Class com.google.common.cache.LocalCache$Strength$2                                   : loaded 2 times (x 79B)
Class com.google.common.cache.LocalCache$Strength$3                                   : loaded 2 times (x 79B)
Class org.gradle.internal.classloader.ClassLoaderFactory                              : loaded 2 times (x 68B)
Class com.google.common.collect.ObjectArrays                                          : loaded 2 times (x 69B)
Class com.google.common.util.concurrent.AbstractFuture$Waiter                         : loaded 2 times (x 70B)
Class com.google.common.util.concurrent.Uninterruptibles                              : loaded 2 times (x 69B)
Class com.google.common.collect.Iterators$10                                          : loaded 2 times (x 79B)
Class com.google.common.collect.ImmutableList                                         : loaded 2 times (x 166B)
Class org.gradle.api.internal.classpath.ManifestUtil                                  : loaded 2 times (x 69B)
Class org.gradle.api.specs.Spec                                                       : loaded 2 times (x 68B)
Class com.google.common.cache.CacheLoader$UnsupportedLoadingOperationException        : loaded 2 times (x 80B)
Class com.google.common.base.CharMatcher$Whitespace                                   : loaded 2 times (x 110B)
Class com.google.common.util.concurrent.ListenableFuture                              : loaded 2 times (x 68B)
Class com.google.common.collect.Iterators$1                                           : loaded 2 times (x 79B)
Class com.google.common.collect.Iterators$4                                           : loaded 2 times (x 80B)
Class com.google.common.collect.Iterators$5                                           : loaded 2 times (x 80B)
Class com.google.common.util.concurrent.AbstractFuture$UnsafeAtomicHelper             : loaded 2 times (x 74B)
Class com.google.common.base.Equivalence$Equals                                       : loaded 2 times (x 80B)
Class com.google.common.base.Preconditions                                            : loaded 2 times (x 69B)
Class com.google.common.base.Function                                                 : loaded 2 times (x 68B)
Class com.google.common.collect.Iterators$9                                           : loaded 2 times (x 79B)
Class org.gradle.internal.IoActions                                                   : loaded 2 times (x 69B)
Class com.google.common.cache.ReferenceEntry                                          : loaded 2 times (x 68B)
Class com.google.common.collect.RegularImmutableMap$KeySet                            : loaded 2 times (x 148B)
Class com.google.common.collect.CollectPreconditions                                  : loaded 2 times (x 69B)
Class com.google.common.collect.Maps                                                  : loaded 2 times (x 69B)
Class com.google.common.collect.RegularImmutableMap                                   : loaded 2 times (x 119B)
Class com.google.common.collect.AbstractIndexedListIterator                           : loaded 2 times (x 94B)
Class com.google.common.base.CharMatcher$None                                         : loaded 2 times (x 110B)
Class org.gradle.api.internal.classpath.EffectiveClassPath                            : loaded 2 times (x 88B)
Class com.google.common.collect.UnmodifiableListIterator                              : loaded 2 times (x 93B)
Class com.google.common.cache.CacheLoader$FunctionToCacheLoader                       : loaded 2 times (x 73B)
Class com.google.common.cache.CacheBuilder$1                                          : loaded 2 times (x 83B)
Class com.google.common.cache.CacheBuilder$2                                          : loaded 2 times (x 77B)
Class com.google.common.collect.ImmutableList$1                                       : loaded 2 times (x 95B)
Class com.google.common.base.Splitter$Strategy                                        : loaded 2 times (x 68B)
Class com.google.common.cache.CacheBuilder$3                                          : loaded 2 times (x 70B)
Class com.google.common.collect.ImmutableMapEntrySet$RegularEntrySet                  : loaded 2 times (x 149B)
Class [Lcom.google.common.cache.RemovalListener;                                      : loaded 2 times (x 67B)
Class [Lcom.google.common.collect.ImmutableMapEntry;                                  : loaded 2 times (x 67B)
Class org.gradle.internal.installation.CurrentGradleInstallation                      : loaded 2 times (x 71B)
Class org.gradle.internal.installation.CurrentGradleInstallationLocator               : loaded 2 times (x 69B)
Class [Lcom.google.common.cache.LocalCache$Segment;                                   : loaded 2 times (x 67B)
Class org.gradle.api.internal.classpath.Module                                        : loaded 2 times (x 68B)
Class com.google.common.base.Splitter$1$1                                             : loaded 2 times (x 84B)
Class com.google.common.collect.ImmutableSet$JdkBackedSetBuilderImpl                  : loaded 2 times (x 74B)
Class com.google.common.collect.ImmutableSet$RegularSetBuilderImpl                    : loaded 2 times (x 75B)
Class org.gradle.internal.service.CachingServiceLocator                               : loaded 2 times (x 80B)
Class [Lcom.google.common.collect.ImmutableEntry;                                     : loaded 2 times (x 67B)
Class org.gradle.internal.classpath.DefaultClassPath                                  : loaded 2 times (x 88B)
Class com.google.common.util.concurrent.AbstractFuture$SetFuture                      : loaded 2 times (x 73B)
Class com.google.common.base.Splitter$SplittingIterator                               : loaded 2 times (x 82B)
Class com.google.common.cache.LocalCache$LocalManualCache$1                           : loaded 2 times (x 73B)
Class [Lcom.google.common.cache.LocalCache$EntryFactory;                              : loaded 2 times (x 67B)
Class com.google.common.base.CharMatcher$Is                                           : loaded 2 times (x 109B)
Class com.google.common.base.Platform                                                 : loaded 2 times (x 69B)
Class com.google.common.collect.RegularImmutableAsList                                : loaded 2 times (x 176B)
Class com.google.common.collect.PeekingIterator                                       : loaded 2 times (x 68B)
Class com.google.common.collect.ImmutableMapEntrySet                                  : loaded 2 times (x 149B)
Class com.google.common.cache.CacheLoader                                             : loaded 2 times (x 72B)
Class com.google.common.collect.ImmutableBiMapFauxverideShim                          : loaded 2 times (x 118B)
Class com.google.common.cache.Cache                                                   : loaded 2 times (x 68B)
Class org.gradle.internal.classloader.SystemClassLoaderSpec                           : loaded 2 times (x 69B)
Class com.google.common.util.concurrent.internal.InternalFutureFailureAccess          : loaded 2 times (x 70B)
Class com.google.common.collect.SingletonImmutableSet                                 : loaded 2 times (x 144B)
Class [Lcom.google.common.base.AbstractIterator$State;                                : loaded 2 times (x 67B)
Class com.google.common.collect.ImmutableMap$Builder                                  : loaded 2 times (x 79B)
Class com.google.common.base.AbstractIterator                                         : loaded 2 times (x 78B)
Class com.google.common.base.AbstractIterator$1                                       : loaded 2 times (x 69B)
Class [Lcom.google.common.cache.CacheBuilder$OneWeigher;                              : loaded 2 times (x 67B)
Class com.google.common.collect.Iterators                                             : loaded 2 times (x 69B)
Class com.google.common.base.CharMatcher$1                                            : loaded 2 times (x 111B)
Class com.google.common.base.CharMatcher$Ascii                                        : loaded 2 times (x 110B)
Class com.google.common.cache.LocalCache$ComputingValueReference                      : loaded 2 times (x 94B)
Class org.gradle.api.UncheckedIOException                                             : loaded 2 times (x 80B)
Class com.google.common.base.CharMatcher$And                                          : loaded 2 times (x 110B)
Class com.google.common.collect.IndexedImmutableSet                                   : loaded 2 times (x 148B)
Class com.google.common.collect.AbstractListMultimap                                  : loaded 2 times (x 170B)
Class com.google.common.base.CharMatcher$Any                                          : loaded 2 times (x 110B)
Class com.google.common.cache.LocalCache$Strength                                     : loaded 2 times (x 79B)
Class com.google.common.collect.ArrayListMultimapGwtSerializationDependencies         : loaded 2 times (x 170B)
Class com.google.common.base.CharMatcher$RangesMatcher                                : loaded 2 times (x 110B)
Class com.google.common.collect.ImmutableList$SubList                                 : loaded 2 times (x 168B)
Class com.google.common.cache.LocalCache$ValueReference                               : loaded 2 times (x 68B)
Class org.gradle.internal.classloader.ClasspathUtil                                   : loaded 2 times (x 69B)
Class com.google.common.util.concurrent.AbstractFuture                                : loaded 2 times (x 93B)
Class com.google.common.base.Splitter$1                                               : loaded 2 times (x 75B)
Class com.google.common.base.Ticker$1                                                 : loaded 2 times (x 70B)
Class com.google.common.collect.Maps$BiMapConverter                                   : loaded 2 times (x 88B)
Class org.gradle.api.internal.DefaultClassPathRegistry                                : loaded 2 times (x 74B)
Class com.google.common.util.concurrent.AbstractFuture$Cancellation                   : loaded 2 times (x 70B)
Class com.google.common.collect.ImmutableSet$SetBuilderImpl                           : loaded 2 times (x 74B)
Class org.gradle.api.internal.classpath.DefaultModuleRegistry$DefaultModule           : loaded 2 times (x 84B)
Class com.google.common.base.CharMatcher$JavaIsoControl                               : loaded 2 times (x 110B)
Class com.google.common.collect.ImmutableMap$1                                        : loaded 2 times (x 79B)
Class com.google.common.base.CharMatcher$Or                                           : loaded 2 times (x 110B)
Class com.google.common.base.Suppliers$SupplierOfInstance                             : loaded 2 times (x 77B)
Class com.google.common.collect.Iterables                                             : loaded 2 times (x 69B)
Class com.google.common.base.CharMatcher$JavaLowerCase                                : loaded 2 times (x 109B)
Class org.gradle.api.internal.classpath.UnknownModuleException                        : loaded 2 times (x 80B)
Class com.google.common.util.concurrent.AbstractFuture$Listener                       : loaded 2 times (x 70B)
Class com.google.common.collect.Maps$EntryTransformer                                 : loaded 2 times (x 68B)
Class com.google.common.collect.ImmutableCollection$Builder                           : loaded 2 times (x 74B)
Class com.google.common.base.CommonPattern                                            : loaded 2 times (x 72B)
Class com.google.common.base.Suppliers                                                : loaded 2 times (x 69B)
Class com.google.common.cache.LoadingCache                                            : loaded 2 times (x 68B)
Class org.gradle.internal.service.ServiceLookupException                              : loaded 2 times (x 80B)
Class org.gradle.cache.GlobalCache                                                    : loaded 2 times (x 68B)
Class com.google.common.base.CharMatcher$NegatedFastMatcher                           : loaded 2 times (x 111B)
Class [Lorg.gradle.api.internal.ClassPathProvider;                                    : loaded 2 times (x 67B)
Class com.google.common.util.concurrent.AbstractFuture$SafeAtomicHelper               : loaded 2 times (x 75B)
Class org.gradle.util.internal.GUtil                                                  : loaded 2 times (x 69B)
Class com.google.common.math.IntMath                                                  : loaded 2 times (x 69B)
Class com.google.common.collect.AbstractIterator                                      : loaded 2 times (x 80B)
Class org.gradle.internal.classloader.ClassLoaderSpec                                 : loaded 2 times (x 69B)
Class com.google.common.base.NullnessCasts                                            : loaded 2 times (x 69B)
Class com.google.common.cache.LocalCache$LocalManualCache                             : loaded 2 times (x 97B)
Class com.google.common.collect.AbstractMapEntry                                      : loaded 2 times (x 79B)
Class com.google.common.base.CharMatcher$Negated                                      : loaded 2 times (x 111B)
Class com.google.common.cache.CacheLoader$1                                           : loaded 2 times (x 73B)
Class com.google.common.util.concurrent.AbstractFuture$TrustedFuture                  : loaded 2 times (x 95B)
Class com.google.common.collect.ImmutableSet$Builder                                  : loaded 2 times (x 83B)
Class com.google.common.base.CharMatcher$ForPredicate                                 : loaded 2 times (x 110B)
Class com.google.common.collect.ImmutableMap$MapViewOfValuesAsSingletonSets           : loaded 2 times (x 123B)
Class com.google.common.base.MoreObjects                                              : loaded 2 times (x 69B)
Class com.google.common.collect.SortedMapDifference                                   : loaded 2 times (x 68B)
Class com.google.common.cache.CacheStats                                              : loaded 2 times (x 69B)
Class org.gradle.internal.classloader.VisitableURLClassLoader                         : loaded 2 times (x 115B)
Class com.google.common.cache.LocalCache$LocalLoadingCache                            : loaded 2 times (x 132B)
Class com.google.common.base.Supplier                                                 : loaded 2 times (x 68B)
Class com.google.common.util.concurrent.AbstractFuture$AtomicHelper                   : loaded 2 times (x 74B)
Class com.google.common.collect.ImmutableBiMap                                        : loaded 2 times (x 141B)
Class org.gradle.internal.Cast                                                        : loaded 2 times (x 69B)
Class org.gradle.api.internal.ClassPathRegistry                                       : loaded 2 times (x 68B)
Class com.google.common.cache.LocalCache$EntryFactory                                 : loaded 2 times (x 81B)
Class com.google.common.util.concurrent.UncheckedExecutionException                   : loaded 2 times (x 80B)
Class com.google.common.collect.ImmutableSet                                          : loaded 2 times (x 143B)
Class org.gradle.internal.classloader.ClassLoaderHierarchy                            : loaded 2 times (x 68B)
Class com.google.common.base.AbstractIterator$State                                   : loaded 2 times (x 77B)
Class com.google.common.cache.Weigher                                                 : loaded 2 times (x 68B)
Class com.google.common.base.CharMatcher$NamedFastMatcher                             : loaded 2 times (x 110B)
Class org.gradle.internal.InternalTransformer                                         : loaded 2 times (x 68B)
Class org.gradle.internal.service.ServiceLocator                                      : loaded 2 times (x 68B)
Class com.google.common.util.concurrent.SettableFuture                                : loaded 2 times (x 95B)
Class com.google.common.collect.ImmutableMapEntry                                     : loaded 2 times (x 83B)
Class com.google.common.base.CharMatcher$Invisible                                    : loaded 2 times (x 110B)
Class com.google.common.base.CharMatcher$FastMatcher                                  : loaded 2 times (x 109B)
Class org.gradle.internal.classpath.DefaultClassPath$ImmutableUniqueList              : loaded 2 times (x 159B)
Class com.google.common.base.CharMatcher$JavaLetter                                   : loaded 2 times (x 109B)
Class com.google.common.collect.MapDifference                                         : loaded 2 times (x 68B)
Class com.google.common.util.concurrent.AbstractFuture$Trusted                        : loaded 2 times (x 68B)
Class com.google.common.collect.Platform                                              : loaded 2 times (x 69B)
Class com.google.common.collect.ImmutableAsList                                       : loaded 2 times (x 169B)
Class com.google.common.util.concurrent.ExecutionError                                : loaded 2 times (x 80B)
Class com.google.common.base.Equivalence$Identity                                     : loaded 2 times (x 80B)
Class com.google.common.base.CharMatcher$AnyOf                                        : loaded 2 times (x 110B)
Class com.google.common.base.CharMatcher$IsEither                                     : loaded 2 times (x 109B)
Class com.google.common.cache.LocalCache                                              : loaded 2 times (x 185B)
Class com.google.common.collect.RegularImmutableList                                  : loaded 2 times (x 172B)
Class com.google.common.util.concurrent.AbstractFuture$UnsafeAtomicHelper$1           : loaded 2 times (x 74B)
Class com.google.common.base.CharMatcher$JavaUpperCase                                : loaded 2 times (x 109B)
Class com.google.common.collect.Multiset                                              : loaded 2 times (x 68B)
Class com.google.common.collect.ImmutableSet$CachingAsList                            : loaded 2 times (x 145B)
Class com.google.common.collect.ImmutableMapEntry$NonTerminalImmutableMapEntry        : loaded 2 times (x 83B)
Class com.google.common.collect.AbstractMapBasedMultimap                              : loaded 2 times (x 137B)


---------------  S Y S T E M  ---------------

OS:
 Windows 11 , 64 bit Build 22621 (10.0.22621.3672)
OS uptime: 6 days 16:30 hours
Hyper-V role detected

CPU: total 4 (initial active 4) (2 cores per cpu, 2 threads per core) family 6 model 126 stepping 5 microcode 0xb0, cx8, cmov, fxsr, ht, mmx, 3dnowpref, sse, sse2, sse3, ssse3, sse4.1, sse4.2, popcnt, lzcnt, tsc, tscinvbit, avx, avx2, aes, erms, clmul, bmi1, bmi2, adx, avx512f, avx512dq, avx512cd, avx512bw, avx512vl, sha, fma, vzeroupper, avx512_vpopcntdq, avx512_vpclmulqdq, avx512_vaes, avx512_vnni, clflush, clflushopt, avx512_vbmi2, avx512_vbmi, hv
Processor Information for all 4 processors :
  Max Mhz: 1190, Current Mhz: 1190, Mhz Limit: 1190

Memory: 4k page, system-wide physical 3891M (333M free)
TotalPageFile size 15667M (AvailPageFile size 5M)
current process WorkingSet (physical memory assigned to process): 230M, peak: 230M
current process commit charge ("private bytes"): 309M, peak: 310M

vm_info: OpenJDK 64-Bit Server VM (17.0.9+0--11185874) for windows-amd64 JRE (17.0.9+0--11185874), built on Dec  6 2023 18:57:44 by "androidbuild" with MS VC++ 16.10 / 16.11 (VS2019)

END.
